<?xml version="1.0" encoding="UTF-8"?>
<robot generator="Robot 5.0.1 (Python 3.9.13 on win32)" generated="20230507 15:05:38.013" rpa="true" schemaversion="3">
<suite id="s1" name="Tasks" source="C:\Users\kanch\OneDrive\Desktop\Robot\tasks.robot">
<test id="s1-t1" name="Insert the sales data for the week and export it as a PDF" line="11">
<kw name="Open the intranet website">
<kw name="Open Available Browser" library="RPA.Browser.Selenium">
<arg>https://robotsparebinindustries.com/</arg>
<doc>Attempts to open a browser on the user's device from a set of
supported browsers. Automatically downloads a corresponding webdriver
if none is already installed.</doc>
<msg timestamp="20230507 15:05:43.528" level="INFO">Creating an instance of the Chrome WebDriver.</msg>
<msg timestamp="20230507 15:05:43.560" level="INFO">Executing: c:\ProgramData\robocorp\ht\790ba02_b1f3c24_1c0bc041\lib\site-packages\selenium\webdriver\common\windows\selenium-manager.exe --browser chrome --output json</msg>
<msg timestamp="20230507 15:05:51.656" level="INFO">Created Chrome browser with arguments: --disable-dev-shm-usage --disable-web-security --allow-running-insecure-content --no-sandbox</msg>
<msg timestamp="20230507 15:05:51.656" level="INFO" html="true">&lt;p&gt;Attempted combinations:&lt;/p&gt;&lt;div class="doc"&gt;&lt;table&gt;&lt;tr&gt;&lt;th&gt;Browser&lt;/th&gt;&lt;th&gt;Download&lt;/th&gt;&lt;th&gt;Error&lt;/th&gt;&lt;/tr&gt;&lt;tr&gt;&lt;td&gt;Chrome&lt;/td&gt;&lt;td&gt;False&lt;/td&gt;&lt;td&gt;&lt;/td&gt;&lt;/tr&gt;&lt;/table&gt;&lt;/div&gt;</msg>
<msg timestamp="20230507 15:05:51.656" level="INFO">Opening url 'https://robotsparebinindustries.com/'</msg>
<status status="PASS" starttime="20230507 15:05:43.527" endtime="20230507 15:05:55.780"/>
</kw>
<status status="PASS" starttime="20230507 15:05:43.526" endtime="20230507 15:05:55.781"/>
</kw>
<kw name="Log in">
<kw name="Input Text" library="RPA.Browser.Selenium">
<arg>username</arg>
<arg>maria</arg>
<doc>Types the given ``text`` into the text field identified by ``locator``.</doc>
<msg timestamp="20230507 15:05:55.787" level="INFO">Typing text 'maria' into text field 'username'.</msg>
<status status="PASS" starttime="20230507 15:05:55.786" endtime="20230507 15:05:55.911"/>
</kw>
<kw name="Input Password" library="RPA.Browser.Selenium">
<arg>password</arg>
<arg>thoushallnotpass</arg>
<doc>Types the given password into the text field identified by ``locator``.</doc>
<msg timestamp="20230507 15:05:55.913" level="INFO">Typing password into text field 'password'.</msg>
<msg timestamp="20230507 15:05:55.967" level="INFO">Temporally setting log level to: NONE</msg>
<msg timestamp="20230507 15:05:56.044" level="INFO">Log level changed from NONE to INFO.</msg>
<status status="PASS" starttime="20230507 15:05:55.912" endtime="20230507 15:05:56.044"/>
</kw>
<kw name="Submit Form" library="RPA.Browser.Selenium">
<doc>Submits a form identified by ``locator``.</doc>
<msg timestamp="20230507 15:05:56.045" level="INFO">Submitting form 'None'.</msg>
<status status="PASS" starttime="20230507 15:05:56.045" endtime="20230507 15:05:56.072"/>
</kw>
<kw name="Wait Until Page Contains Element" library="RPA.Browser.Selenium">
<arg>id:sales-form</arg>
<doc>Waits until the element ``locator`` appears on the current page.</doc>
<status status="PASS" starttime="20230507 15:05:56.072" endtime="20230507 15:05:57.405"/>
</kw>
<status status="PASS" starttime="20230507 15:05:55.785" endtime="20230507 15:05:57.405"/>
</kw>
<kw name="Download the Excel file">
<kw name="Download" library="RPA.HTTP">
<arg>https://robotsparebinindustries.com/SalesData.xlsx</arg>
<arg>overwrite= ${True}</arg>
<doc>An alias for the ``HTTP Get`` keyword.</doc>
<msg timestamp="20230507 15:05:57.409" level="INFO">Creating a new HTTP session</msg>
<msg timestamp="20230507 15:05:57.410" level="INFO">Creating Session using : alias=rpasession_alias.httpsrobotsparebinindustries.com, url=https://robotsparebinindustries.com, headers={},                     cookies={}, auth=None, timeout=None, proxies=None, verify=True,                     debug=0 </msg>
<status status="PASS" starttime="20230507 15:05:57.408" endtime="20230507 15:05:58.502"/>
</kw>
<status status="PASS" starttime="20230507 15:05:57.406" endtime="20230507 15:05:58.503"/>
</kw>
<kw name="Fill the form using the data from the Excel file">
<kw name="Open Workbook" library="RPA.Excel.Files">
<arg>SalesData.xlsx</arg>
<doc>Open an existing Excel workbook.</doc>
<msg timestamp="20230507 15:05:58.536" level="INFO">Opened workbook: &lt;RPA.Excel.Files.XlsxWorkbook object at 0x0000025777908FD0&gt;</msg>
<status status="PASS" starttime="20230507 15:05:58.505" endtime="20230507 15:05:58.537"/>
</kw>
<kw name="Read Worksheet As Table" library="RPA.Excel.Files">
<var>${sales_reps}</var>
<arg>header=${True}</arg>
<doc>Read the contents of a worksheet into a Table container. Allows
sorting/filtering/manipulating using the ``RPA.Tables`` library.</doc>
<msg timestamp="20230507 15:05:58.538" level="INFO">Created table: Table(columns=['First Name', 'Last Name', 'Sales', 'Sales Target'], rows=50)</msg>
<msg timestamp="20230507 15:05:58.539" level="INFO">${sales_reps} = Table(columns=['First Name', 'Last Name', 'Sales', 'Sales Target'], rows=50)</msg>
<status status="PASS" starttime="20230507 15:05:58.537" endtime="20230507 15:05:58.539"/>
</kw>
<kw name="Close Workbook" library="RPA.Excel.Files">
<doc>Close the active workbook.</doc>
<msg timestamp="20230507 15:05:58.540" level="INFO">Closing workbook: &lt;RPA.Excel.Files.XlsxWorkbook object at 0x0000025777908FD0&gt;</msg>
<status status="PASS" starttime="20230507 15:05:58.539" endtime="20230507 15:05:58.540"/>
</kw>
<for flavor="IN">
<var>${sales_rep}</var>
<value>@{sales_reps}</value>
<iter>
<var name="${sales_rep}">{'First Name': 'David', 'Last Name': 'Heazel', 'Sales': 80193, 'Sales Target': 30000}</var>
<kw name="Fill and submit the form for one person">
<arg>${sales_rep}</arg>
<kw name="Input Text" library="RPA.Browser.Selenium">
<arg>firstname</arg>
<arg>${sales_rep}[First Name]</arg>
<doc>Types the given ``text`` into the text field identified by ``locator``.</doc>
<msg timestamp="20230507 15:05:58.542" level="INFO">Typing text 'David' into text field 'firstname'.</msg>
<status status="PASS" starttime="20230507 15:05:58.542" endtime="20230507 15:05:58.676"/>
</kw>
<kw name="Input Text" library="RPA.Browser.Selenium">
<arg>lastname</arg>
<arg>${sales_rep}[Last Name]</arg>
<doc>Types the given ``text`` into the text field identified by ``locator``.</doc>
<msg timestamp="20230507 15:05:58.678" level="INFO">Typing text 'Heazel' into text field 'lastname'.</msg>
<status status="PASS" starttime="20230507 15:05:58.677" endtime="20230507 15:05:58.810"/>
</kw>
<kw name="Input Text" library="RPA.Browser.Selenium">
<arg>salesresult</arg>
<arg>${sales_rep}[Sales]</arg>
<doc>Types the given ``text`` into the text field identified by ``locator``.</doc>
<msg timestamp="20230507 15:05:58.812" level="INFO">Typing text '80193' into text field 'salesresult'.</msg>
<status status="PASS" starttime="20230507 15:05:58.811" endtime="20230507 15:05:58.929"/>
</kw>
<kw name="Select From List By Value" library="RPA.Browser.Selenium">
<arg>salestarget</arg>
<arg>${sales_rep}[Sales Target]</arg>
<doc>Selects options from selection list ``locator`` by ``values``.</doc>
<msg timestamp="20230507 15:05:58.931" level="INFO">Selecting options from selection list 'salestarget' by value 30000.</msg>
<status status="PASS" starttime="20230507 15:05:58.929" endtime="20230507 15:05:59.032"/>
</kw>
<kw name="Click Button" library="RPA.Browser.Selenium">
<arg>Submit</arg>
<doc>Clicks the button identified by ``locator``.</doc>
<msg timestamp="20230507 15:05:59.034" level="INFO">Clicking button 'Submit'.</msg>
<status status="PASS" starttime="20230507 15:05:59.033" endtime="20230507 15:05:59.340"/>
</kw>
<status status="PASS" starttime="20230507 15:05:58.541" endtime="20230507 15:05:59.341"/>
</kw>
<status status="PASS" starttime="20230507 15:05:58.541" endtime="20230507 15:05:59.341"/>
</iter>
<iter>
<var name="${sales_rep}">{'First Name': 'Conte', 'Last Name': 'Mascetti', 'Sales': 141182, 'Sales Target': 35000}</var>
<kw name="Fill and submit the form for one person">
<arg>${sales_rep}</arg>
<kw name="Input Text" library="RPA.Browser.Selenium">
<arg>firstname</arg>
<arg>${sales_rep}[First Name]</arg>
<doc>Types the given ``text`` into the text field identified by ``locator``.</doc>
<msg timestamp="20230507 15:05:59.345" level="INFO">Typing text 'Conte' into text field 'firstname'.</msg>
<status status="PASS" starttime="20230507 15:05:59.344" endtime="20230507 15:05:59.470"/>
</kw>
<kw name="Input Text" library="RPA.Browser.Selenium">
<arg>lastname</arg>
<arg>${sales_rep}[Last Name]</arg>
<doc>Types the given ``text`` into the text field identified by ``locator``.</doc>
<msg timestamp="20230507 15:05:59.472" level="INFO">Typing text 'Mascetti' into text field 'lastname'.</msg>
<status status="PASS" starttime="20230507 15:05:59.470" endtime="20230507 15:05:59.620"/>
</kw>
<kw name="Input Text" library="RPA.Browser.Selenium">
<arg>salesresult</arg>
<arg>${sales_rep}[Sales]</arg>
<doc>Types the given ``text`` into the text field identified by ``locator``.</doc>
<msg timestamp="20230507 15:05:59.622" level="INFO">Typing text '141182' into text field 'salesresult'.</msg>
<status status="PASS" starttime="20230507 15:05:59.621" endtime="20230507 15:05:59.855"/>
</kw>
<kw name="Select From List By Value" library="RPA.Browser.Selenium">
<arg>salestarget</arg>
<arg>${sales_rep}[Sales Target]</arg>
<doc>Selects options from selection list ``locator`` by ``values``.</doc>
<msg timestamp="20230507 15:05:59.856" level="INFO">Selecting options from selection list 'salestarget' by value 35000.</msg>
<status status="PASS" starttime="20230507 15:05:59.855" endtime="20230507 15:05:59.969"/>
</kw>
<kw name="Click Button" library="RPA.Browser.Selenium">
<arg>Submit</arg>
<doc>Clicks the button identified by ``locator``.</doc>
<msg timestamp="20230507 15:05:59.970" level="INFO">Clicking button 'Submit'.</msg>
<status status="PASS" starttime="20230507 15:05:59.969" endtime="20230507 15:06:00.221"/>
</kw>
<status status="PASS" starttime="20230507 15:05:59.343" endtime="20230507 15:06:00.221"/>
</kw>
<status status="PASS" starttime="20230507 15:05:59.342" endtime="20230507 15:06:00.222"/>
</iter>
<iter>
<var name="${sales_rep}">{'First Name': 'Dallon', 'Last Name': 'Seals', 'Sales': 61456, 'Sales Target': 15000}</var>
<kw name="Fill and submit the form for one person">
<arg>${sales_rep}</arg>
<kw name="Input Text" library="RPA.Browser.Selenium">
<arg>firstname</arg>
<arg>${sales_rep}[First Name]</arg>
<doc>Types the given ``text`` into the text field identified by ``locator``.</doc>
<msg timestamp="20230507 15:06:00.225" level="INFO">Typing text 'Dallon' into text field 'firstname'.</msg>
<status status="PASS" starttime="20230507 15:06:00.224" endtime="20230507 15:06:00.358"/>
</kw>
<kw name="Input Text" library="RPA.Browser.Selenium">
<arg>lastname</arg>
<arg>${sales_rep}[Last Name]</arg>
<doc>Types the given ``text`` into the text field identified by ``locator``.</doc>
<msg timestamp="20230507 15:06:00.360" level="INFO">Typing text 'Seals' into text field 'lastname'.</msg>
<status status="PASS" starttime="20230507 15:06:00.359" endtime="20230507 15:06:00.479"/>
</kw>
<kw name="Input Text" library="RPA.Browser.Selenium">
<arg>salesresult</arg>
<arg>${sales_rep}[Sales]</arg>
<doc>Types the given ``text`` into the text field identified by ``locator``.</doc>
<msg timestamp="20230507 15:06:00.481" level="INFO">Typing text '61456' into text field 'salesresult'.</msg>
<status status="PASS" starttime="20230507 15:06:00.480" endtime="20230507 15:06:00.581"/>
</kw>
<kw name="Select From List By Value" library="RPA.Browser.Selenium">
<arg>salestarget</arg>
<arg>${sales_rep}[Sales Target]</arg>
<doc>Selects options from selection list ``locator`` by ``values``.</doc>
<msg timestamp="20230507 15:06:00.583" level="INFO">Selecting options from selection list 'salestarget' by value 15000.</msg>
<status status="PASS" starttime="20230507 15:06:00.582" endtime="20230507 15:06:00.694"/>
</kw>
<kw name="Click Button" library="RPA.Browser.Selenium">
<arg>Submit</arg>
<doc>Clicks the button identified by ``locator``.</doc>
<msg timestamp="20230507 15:06:00.696" level="INFO">Clicking button 'Submit'.</msg>
<status status="PASS" starttime="20230507 15:06:00.695" endtime="20230507 15:06:00.959"/>
</kw>
<status status="PASS" starttime="20230507 15:06:00.223" endtime="20230507 15:06:00.960"/>
</kw>
<status status="PASS" starttime="20230507 15:06:00.222" endtime="20230507 15:06:00.961"/>
</iter>
<iter>
<var name="${sales_rep}">{'First Name': 'Jocelyn', 'Last Name': 'Thomsson', 'Sales': 99354, 'Sales Target': 95000}</var>
<kw name="Fill and submit the form for one person">
<arg>${sales_rep}</arg>
<kw name="Input Text" library="RPA.Browser.Selenium">
<arg>firstname</arg>
<arg>${sales_rep}[First Name]</arg>
<doc>Types the given ``text`` into the text field identified by ``locator``.</doc>
<msg timestamp="20230507 15:06:00.965" level="INFO">Typing text 'Jocelyn' into text field 'firstname'.</msg>
<status status="PASS" starttime="20230507 15:06:00.964" endtime="20230507 15:06:01.074"/>
</kw>
<kw name="Input Text" library="RPA.Browser.Selenium">
<arg>lastname</arg>
<arg>${sales_rep}[Last Name]</arg>
<doc>Types the given ``text`` into the text field identified by ``locator``.</doc>
<msg timestamp="20230507 15:06:01.075" level="INFO">Typing text 'Thomsson' into text field 'lastname'.</msg>
<status status="PASS" starttime="20230507 15:06:01.075" endtime="20230507 15:06:01.190"/>
</kw>
<kw name="Input Text" library="RPA.Browser.Selenium">
<arg>salesresult</arg>
<arg>${sales_rep}[Sales]</arg>
<doc>Types the given ``text`` into the text field identified by ``locator``.</doc>
<msg timestamp="20230507 15:06:01.193" level="INFO">Typing text '99354' into text field 'salesresult'.</msg>
<status status="PASS" starttime="20230507 15:06:01.191" endtime="20230507 15:06:01.322"/>
</kw>
<kw name="Select From List By Value" library="RPA.Browser.Selenium">
<arg>salestarget</arg>
<arg>${sales_rep}[Sales Target]</arg>
<doc>Selects options from selection list ``locator`` by ``values``.</doc>
<msg timestamp="20230507 15:06:01.325" level="INFO">Selecting options from selection list 'salestarget' by value 95000.</msg>
<status status="PASS" starttime="20230507 15:06:01.323" endtime="20230507 15:06:01.438"/>
</kw>
<kw name="Click Button" library="RPA.Browser.Selenium">
<arg>Submit</arg>
<doc>Clicks the button identified by ``locator``.</doc>
<msg timestamp="20230507 15:06:01.439" level="INFO">Clicking button 'Submit'.</msg>
<status status="PASS" starttime="20230507 15:06:01.438" endtime="20230507 15:06:01.665"/>
</kw>
<status status="PASS" starttime="20230507 15:06:00.962" endtime="20230507 15:06:01.666"/>
</kw>
<status status="PASS" starttime="20230507 15:06:00.961" endtime="20230507 15:06:01.666"/>
</iter>
<iter>
<var name="${sales_rep}">{'First Name': 'Yoko', 'Last Name': 'Flecknell', 'Sales': 139701, 'Sales Target': 50000}</var>
<kw name="Fill and submit the form for one person">
<arg>${sales_rep}</arg>
<kw name="Input Text" library="RPA.Browser.Selenium">
<arg>firstname</arg>
<arg>${sales_rep}[First Name]</arg>
<doc>Types the given ``text`` into the text field identified by ``locator``.</doc>
<msg timestamp="20230507 15:06:01.669" level="INFO">Typing text 'Yoko' into text field 'firstname'.</msg>
<status status="PASS" starttime="20230507 15:06:01.668" endtime="20230507 15:06:01.774"/>
</kw>
<kw name="Input Text" library="RPA.Browser.Selenium">
<arg>lastname</arg>
<arg>${sales_rep}[Last Name]</arg>
<doc>Types the given ``text`` into the text field identified by ``locator``.</doc>
<msg timestamp="20230507 15:06:01.775" level="INFO">Typing text 'Flecknell' into text field 'lastname'.</msg>
<status status="PASS" starttime="20230507 15:06:01.774" endtime="20230507 15:06:01.889"/>
</kw>
<kw name="Input Text" library="RPA.Browser.Selenium">
<arg>salesresult</arg>
<arg>${sales_rep}[Sales]</arg>
<doc>Types the given ``text`` into the text field identified by ``locator``.</doc>
<msg timestamp="20230507 15:06:01.891" level="INFO">Typing text '139701' into text field 'salesresult'.</msg>
<status status="PASS" starttime="20230507 15:06:01.889" endtime="20230507 15:06:01.993"/>
</kw>
<kw name="Select From List By Value" library="RPA.Browser.Selenium">
<arg>salestarget</arg>
<arg>${sales_rep}[Sales Target]</arg>
<doc>Selects options from selection list ``locator`` by ``values``.</doc>
<msg timestamp="20230507 15:06:01.994" level="INFO">Selecting options from selection list 'salestarget' by value 50000.</msg>
<status status="PASS" starttime="20230507 15:06:01.993" endtime="20230507 15:06:02.076"/>
</kw>
<kw name="Click Button" library="RPA.Browser.Selenium">
<arg>Submit</arg>
<doc>Clicks the button identified by ``locator``.</doc>
<msg timestamp="20230507 15:06:02.077" level="INFO">Clicking button 'Submit'.</msg>
<status status="PASS" starttime="20230507 15:06:02.077" endtime="20230507 15:06:02.373"/>
</kw>
<status status="PASS" starttime="20230507 15:06:01.667" endtime="20230507 15:06:02.373"/>
</kw>
<status status="PASS" starttime="20230507 15:06:01.666" endtime="20230507 15:06:02.373"/>
</iter>
<iter>
<var name="${sales_rep}">{'First Name': 'Ninnette', 'Last Name': 'Heinssen', 'Sales': 63808, 'Sales Target': 25000}</var>
<kw name="Fill and submit the form for one person">
<arg>${sales_rep}</arg>
<kw name="Input Text" library="RPA.Browser.Selenium">
<arg>firstname</arg>
<arg>${sales_rep}[First Name]</arg>
<doc>Types the given ``text`` into the text field identified by ``locator``.</doc>
<msg timestamp="20230507 15:06:02.375" level="INFO">Typing text 'Ninnette' into text field 'firstname'.</msg>
<status status="PASS" starttime="20230507 15:06:02.375" endtime="20230507 15:06:02.495"/>
</kw>
<kw name="Input Text" library="RPA.Browser.Selenium">
<arg>lastname</arg>
<arg>${sales_rep}[Last Name]</arg>
<doc>Types the given ``text`` into the text field identified by ``locator``.</doc>
<msg timestamp="20230507 15:06:02.498" level="INFO">Typing text 'Heinssen' into text field 'lastname'.</msg>
<status status="PASS" starttime="20230507 15:06:02.496" endtime="20230507 15:06:02.643"/>
</kw>
<kw name="Input Text" library="RPA.Browser.Selenium">
<arg>salesresult</arg>
<arg>${sales_rep}[Sales]</arg>
<doc>Types the given ``text`` into the text field identified by ``locator``.</doc>
<msg timestamp="20230507 15:06:02.645" level="INFO">Typing text '63808' into text field 'salesresult'.</msg>
<status status="PASS" starttime="20230507 15:06:02.644" endtime="20230507 15:06:02.760"/>
</kw>
<kw name="Select From List By Value" library="RPA.Browser.Selenium">
<arg>salestarget</arg>
<arg>${sales_rep}[Sales Target]</arg>
<doc>Selects options from selection list ``locator`` by ``values``.</doc>
<msg timestamp="20230507 15:06:02.761" level="INFO">Selecting options from selection list 'salestarget' by value 25000.</msg>
<status status="PASS" starttime="20230507 15:06:02.760" endtime="20230507 15:06:02.851"/>
</kw>
<kw name="Click Button" library="RPA.Browser.Selenium">
<arg>Submit</arg>
<doc>Clicks the button identified by ``locator``.</doc>
<msg timestamp="20230507 15:06:02.852" level="INFO">Clicking button 'Submit'.</msg>
<status status="PASS" starttime="20230507 15:06:02.852" endtime="20230507 15:06:03.090"/>
</kw>
<status status="PASS" starttime="20230507 15:06:02.374" endtime="20230507 15:06:03.091"/>
</kw>
<status status="PASS" starttime="20230507 15:06:02.374" endtime="20230507 15:06:03.092"/>
</iter>
<iter>
<var name="${sales_rep}">{'First Name': 'Ahmed', 'Last Name': 'Vasnetsov', 'Sales': 50211, 'Sales Target': 60000}</var>
<kw name="Fill and submit the form for one person">
<arg>${sales_rep}</arg>
<kw name="Input Text" library="RPA.Browser.Selenium">
<arg>firstname</arg>
<arg>${sales_rep}[First Name]</arg>
<doc>Types the given ``text`` into the text field identified by ``locator``.</doc>
<msg timestamp="20230507 15:06:03.096" level="INFO">Typing text 'Ahmed' into text field 'firstname'.</msg>
<status status="PASS" starttime="20230507 15:06:03.095" endtime="20230507 15:06:03.212"/>
</kw>
<kw name="Input Text" library="RPA.Browser.Selenium">
<arg>lastname</arg>
<arg>${sales_rep}[Last Name]</arg>
<doc>Types the given ``text`` into the text field identified by ``locator``.</doc>
<msg timestamp="20230507 15:06:03.215" level="INFO">Typing text 'Vasnetsov' into text field 'lastname'.</msg>
<status status="PASS" starttime="20230507 15:06:03.213" endtime="20230507 15:06:03.341"/>
</kw>
<kw name="Input Text" library="RPA.Browser.Selenium">
<arg>salesresult</arg>
<arg>${sales_rep}[Sales]</arg>
<doc>Types the given ``text`` into the text field identified by ``locator``.</doc>
<msg timestamp="20230507 15:06:03.342" level="INFO">Typing text '50211' into text field 'salesresult'.</msg>
<status status="PASS" starttime="20230507 15:06:03.342" endtime="20230507 15:06:03.449"/>
</kw>
<kw name="Select From List By Value" library="RPA.Browser.Selenium">
<arg>salestarget</arg>
<arg>${sales_rep}[Sales Target]</arg>
<doc>Selects options from selection list ``locator`` by ``values``.</doc>
<msg timestamp="20230507 15:06:03.450" level="INFO">Selecting options from selection list 'salestarget' by value 60000.</msg>
<status status="PASS" starttime="20230507 15:06:03.450" endtime="20230507 15:06:03.542"/>
</kw>
<kw name="Click Button" library="RPA.Browser.Selenium">
<arg>Submit</arg>
<doc>Clicks the button identified by ``locator``.</doc>
<msg timestamp="20230507 15:06:03.542" level="INFO">Clicking button 'Submit'.</msg>
<status status="PASS" starttime="20230507 15:06:03.542" endtime="20230507 15:06:03.903"/>
</kw>
<status status="PASS" starttime="20230507 15:06:03.093" endtime="20230507 15:06:03.904"/>
</kw>
<status status="PASS" starttime="20230507 15:06:03.092" endtime="20230507 15:06:03.904"/>
</iter>
<iter>
<var name="${sales_rep}">{'First Name': 'Pearline', 'Last Name': 'Fenton', 'Sales': 78556, 'Sales Target': 35000}</var>
<kw name="Fill and submit the form for one person">
<arg>${sales_rep}</arg>
<kw name="Input Text" library="RPA.Browser.Selenium">
<arg>firstname</arg>
<arg>${sales_rep}[First Name]</arg>
<doc>Types the given ``text`` into the text field identified by ``locator``.</doc>
<msg timestamp="20230507 15:06:03.907" level="INFO">Typing text 'Pearline' into text field 'firstname'.</msg>
<status status="PASS" starttime="20230507 15:06:03.906" endtime="20230507 15:06:04.111"/>
</kw>
<kw name="Input Text" library="RPA.Browser.Selenium">
<arg>lastname</arg>
<arg>${sales_rep}[Last Name]</arg>
<doc>Types the given ``text`` into the text field identified by ``locator``.</doc>
<msg timestamp="20230507 15:06:04.114" level="INFO">Typing text 'Fenton' into text field 'lastname'.</msg>
<status status="PASS" starttime="20230507 15:06:04.112" endtime="20230507 15:06:04.228"/>
</kw>
<kw name="Input Text" library="RPA.Browser.Selenium">
<arg>salesresult</arg>
<arg>${sales_rep}[Sales]</arg>
<doc>Types the given ``text`` into the text field identified by ``locator``.</doc>
<msg timestamp="20230507 15:06:04.231" level="INFO">Typing text '78556' into text field 'salesresult'.</msg>
<status status="PASS" starttime="20230507 15:06:04.228" endtime="20230507 15:06:04.344"/>
</kw>
<kw name="Select From List By Value" library="RPA.Browser.Selenium">
<arg>salestarget</arg>
<arg>${sales_rep}[Sales Target]</arg>
<doc>Selects options from selection list ``locator`` by ``values``.</doc>
<msg timestamp="20230507 15:06:04.345" level="INFO">Selecting options from selection list 'salestarget' by value 35000.</msg>
<status status="PASS" starttime="20230507 15:06:04.344" endtime="20230507 15:06:04.441"/>
</kw>
<kw name="Click Button" library="RPA.Browser.Selenium">
<arg>Submit</arg>
<doc>Clicks the button identified by ``locator``.</doc>
<msg timestamp="20230507 15:06:04.441" level="INFO">Clicking button 'Submit'.</msg>
<status status="PASS" starttime="20230507 15:06:04.441" endtime="20230507 15:06:04.673"/>
</kw>
<status status="PASS" starttime="20230507 15:06:03.905" endtime="20230507 15:06:04.674"/>
</kw>
<status status="PASS" starttime="20230507 15:06:03.905" endtime="20230507 15:06:04.674"/>
</iter>
<iter>
<var name="${sales_rep}">{'First Name': 'Lelah', 'Last Name': 'Yewdale', 'Sales': 122695, 'Sales Target': 100000}</var>
<kw name="Fill and submit the form for one person">
<arg>${sales_rep}</arg>
<kw name="Input Text" library="RPA.Browser.Selenium">
<arg>firstname</arg>
<arg>${sales_rep}[First Name]</arg>
<doc>Types the given ``text`` into the text field identified by ``locator``.</doc>
<msg timestamp="20230507 15:06:04.677" level="INFO">Typing text 'Lelah' into text field 'firstname'.</msg>
<status status="PASS" starttime="20230507 15:06:04.676" endtime="20230507 15:06:04.793"/>
</kw>
<kw name="Input Text" library="RPA.Browser.Selenium">
<arg>lastname</arg>
<arg>${sales_rep}[Last Name]</arg>
<doc>Types the given ``text`` into the text field identified by ``locator``.</doc>
<msg timestamp="20230507 15:06:04.794" level="INFO">Typing text 'Yewdale' into text field 'lastname'.</msg>
<status status="PASS" starttime="20230507 15:06:04.794" endtime="20230507 15:06:04.935"/>
</kw>
<kw name="Input Text" library="RPA.Browser.Selenium">
<arg>salesresult</arg>
<arg>${sales_rep}[Sales]</arg>
<doc>Types the given ``text`` into the text field identified by ``locator``.</doc>
<msg timestamp="20230507 15:06:04.936" level="INFO">Typing text '122695' into text field 'salesresult'.</msg>
<status status="PASS" starttime="20230507 15:06:04.935" endtime="20230507 15:06:05.044"/>
</kw>
<kw name="Select From List By Value" library="RPA.Browser.Selenium">
<arg>salestarget</arg>
<arg>${sales_rep}[Sales Target]</arg>
<doc>Selects options from selection list ``locator`` by ``values``.</doc>
<msg timestamp="20230507 15:06:05.046" level="INFO">Selecting options from selection list 'salestarget' by value 100000.</msg>
<status status="PASS" starttime="20230507 15:06:05.045" endtime="20230507 15:06:05.138"/>
</kw>
<kw name="Click Button" library="RPA.Browser.Selenium">
<arg>Submit</arg>
<doc>Clicks the button identified by ``locator``.</doc>
<msg timestamp="20230507 15:06:05.140" level="INFO">Clicking button 'Submit'.</msg>
<status status="PASS" starttime="20230507 15:06:05.139" endtime="20230507 15:06:05.387"/>
</kw>
<status status="PASS" starttime="20230507 15:06:04.675" endtime="20230507 15:06:05.387"/>
</kw>
<status status="PASS" starttime="20230507 15:06:04.675" endtime="20230507 15:06:05.388"/>
</iter>
<iter>
<var name="${sales_rep}">{'First Name': 'Belinda', 'Last Name': 'Blumenthal', 'Sales': 115410, 'Sales Target': 70000}</var>
<kw name="Fill and submit the form for one person">
<arg>${sales_rep}</arg>
<kw name="Input Text" library="RPA.Browser.Selenium">
<arg>firstname</arg>
<arg>${sales_rep}[First Name]</arg>
<doc>Types the given ``text`` into the text field identified by ``locator``.</doc>
<msg timestamp="20230507 15:06:05.390" level="INFO">Typing text 'Belinda' into text field 'firstname'.</msg>
<status status="PASS" starttime="20230507 15:06:05.389" endtime="20230507 15:06:05.511"/>
</kw>
<kw name="Input Text" library="RPA.Browser.Selenium">
<arg>lastname</arg>
<arg>${sales_rep}[Last Name]</arg>
<doc>Types the given ``text`` into the text field identified by ``locator``.</doc>
<msg timestamp="20230507 15:06:05.512" level="INFO">Typing text 'Blumenthal' into text field 'lastname'.</msg>
<status status="PASS" starttime="20230507 15:06:05.511" endtime="20230507 15:06:05.639"/>
</kw>
<kw name="Input Text" library="RPA.Browser.Selenium">
<arg>salesresult</arg>
<arg>${sales_rep}[Sales]</arg>
<doc>Types the given ``text`` into the text field identified by ``locator``.</doc>
<msg timestamp="20230507 15:06:05.640" level="INFO">Typing text '115410' into text field 'salesresult'.</msg>
<status status="PASS" starttime="20230507 15:06:05.639" endtime="20230507 15:06:05.756"/>
</kw>
<kw name="Select From List By Value" library="RPA.Browser.Selenium">
<arg>salestarget</arg>
<arg>${sales_rep}[Sales Target]</arg>
<doc>Selects options from selection list ``locator`` by ``values``.</doc>
<msg timestamp="20230507 15:06:05.757" level="INFO">Selecting options from selection list 'salestarget' by value 70000.</msg>
<status status="PASS" starttime="20230507 15:06:05.757" endtime="20230507 15:06:05.843"/>
</kw>
<kw name="Click Button" library="RPA.Browser.Selenium">
<arg>Submit</arg>
<doc>Clicks the button identified by ``locator``.</doc>
<msg timestamp="20230507 15:06:05.844" level="INFO">Clicking button 'Submit'.</msg>
<status status="PASS" starttime="20230507 15:06:05.844" endtime="20230507 15:06:06.101"/>
</kw>
<status status="PASS" starttime="20230507 15:06:05.388" endtime="20230507 15:06:06.102"/>
</kw>
<status status="PASS" starttime="20230507 15:06:05.388" endtime="20230507 15:06:06.102"/>
</iter>
<iter>
<var name="${sales_rep}">{'First Name': 'Antoni', 'Last Name': 'Degoe', 'Sales': 106991, 'Sales Target': 75000}</var>
<kw name="Fill and submit the form for one person">
<arg>${sales_rep}</arg>
<kw name="Input Text" library="RPA.Browser.Selenium">
<arg>firstname</arg>
<arg>${sales_rep}[First Name]</arg>
<doc>Types the given ``text`` into the text field identified by ``locator``.</doc>
<msg timestamp="20230507 15:06:06.105" level="INFO">Typing text 'Antoni' into text field 'firstname'.</msg>
<status status="PASS" starttime="20230507 15:06:06.104" endtime="20230507 15:06:06.218"/>
</kw>
<kw name="Input Text" library="RPA.Browser.Selenium">
<arg>lastname</arg>
<arg>${sales_rep}[Last Name]</arg>
<doc>Types the given ``text`` into the text field identified by ``locator``.</doc>
<msg timestamp="20230507 15:06:06.219" level="INFO">Typing text 'Degoe' into text field 'lastname'.</msg>
<status status="PASS" starttime="20230507 15:06:06.218" endtime="20230507 15:06:06.341"/>
</kw>
<kw name="Input Text" library="RPA.Browser.Selenium">
<arg>salesresult</arg>
<arg>${sales_rep}[Sales]</arg>
<doc>Types the given ``text`` into the text field identified by ``locator``.</doc>
<msg timestamp="20230507 15:06:06.342" level="INFO">Typing text '106991' into text field 'salesresult'.</msg>
<status status="PASS" starttime="20230507 15:06:06.341" endtime="20230507 15:06:06.455"/>
</kw>
<kw name="Select From List By Value" library="RPA.Browser.Selenium">
<arg>salestarget</arg>
<arg>${sales_rep}[Sales Target]</arg>
<doc>Selects options from selection list ``locator`` by ``values``.</doc>
<msg timestamp="20230507 15:06:06.456" level="INFO">Selecting options from selection list 'salestarget' by value 75000.</msg>
<status status="PASS" starttime="20230507 15:06:06.456" endtime="20230507 15:06:06.545"/>
</kw>
<kw name="Click Button" library="RPA.Browser.Selenium">
<arg>Submit</arg>
<doc>Clicks the button identified by ``locator``.</doc>
<msg timestamp="20230507 15:06:06.547" level="INFO">Clicking button 'Submit'.</msg>
<status status="PASS" starttime="20230507 15:06:06.546" endtime="20230507 15:06:06.846"/>
</kw>
<status status="PASS" starttime="20230507 15:06:06.103" endtime="20230507 15:06:06.847"/>
</kw>
<status status="PASS" starttime="20230507 15:06:06.103" endtime="20230507 15:06:06.848"/>
</iter>
<iter>
<var name="${sales_rep}">{'First Name': 'Donnamarie', 'Last Name': 'Watts', 'Sales': 25924, 'Sales Target': 85000}</var>
<kw name="Fill and submit the form for one person">
<arg>${sales_rep}</arg>
<kw name="Input Text" library="RPA.Browser.Selenium">
<arg>firstname</arg>
<arg>${sales_rep}[First Name]</arg>
<doc>Types the given ``text`` into the text field identified by ``locator``.</doc>
<msg timestamp="20230507 15:06:06.851" level="INFO">Typing text 'Donnamarie' into text field 'firstname'.</msg>
<status status="PASS" starttime="20230507 15:06:06.850" endtime="20230507 15:06:06.979"/>
</kw>
<kw name="Input Text" library="RPA.Browser.Selenium">
<arg>lastname</arg>
<arg>${sales_rep}[Last Name]</arg>
<doc>Types the given ``text`` into the text field identified by ``locator``.</doc>
<msg timestamp="20230507 15:06:06.981" level="INFO">Typing text 'Watts' into text field 'lastname'.</msg>
<status status="PASS" starttime="20230507 15:06:06.980" endtime="20230507 15:06:07.099"/>
</kw>
<kw name="Input Text" library="RPA.Browser.Selenium">
<arg>salesresult</arg>
<arg>${sales_rep}[Sales]</arg>
<doc>Types the given ``text`` into the text field identified by ``locator``.</doc>
<msg timestamp="20230507 15:06:07.100" level="INFO">Typing text '25924' into text field 'salesresult'.</msg>
<status status="PASS" starttime="20230507 15:06:07.099" endtime="20230507 15:06:07.209"/>
</kw>
<kw name="Select From List By Value" library="RPA.Browser.Selenium">
<arg>salestarget</arg>
<arg>${sales_rep}[Sales Target]</arg>
<doc>Selects options from selection list ``locator`` by ``values``.</doc>
<msg timestamp="20230507 15:06:07.210" level="INFO">Selecting options from selection list 'salestarget' by value 85000.</msg>
<status status="PASS" starttime="20230507 15:06:07.209" endtime="20230507 15:06:07.301"/>
</kw>
<kw name="Click Button" library="RPA.Browser.Selenium">
<arg>Submit</arg>
<doc>Clicks the button identified by ``locator``.</doc>
<msg timestamp="20230507 15:06:07.303" level="INFO">Clicking button 'Submit'.</msg>
<status status="PASS" starttime="20230507 15:06:07.302" endtime="20230507 15:06:07.544"/>
</kw>
<status status="PASS" starttime="20230507 15:06:06.849" endtime="20230507 15:06:07.545"/>
</kw>
<status status="PASS" starttime="20230507 15:06:06.848" endtime="20230507 15:06:07.546"/>
</iter>
<iter>
<var name="${sales_rep}">{'First Name': 'Anabella', 'Last Name': 'Blindermann', 'Sales': 43564, 'Sales Target': 85000}</var>
<kw name="Fill and submit the form for one person">
<arg>${sales_rep}</arg>
<kw name="Input Text" library="RPA.Browser.Selenium">
<arg>firstname</arg>
<arg>${sales_rep}[First Name]</arg>
<doc>Types the given ``text`` into the text field identified by ``locator``.</doc>
<msg timestamp="20230507 15:06:07.550" level="INFO">Typing text 'Anabella' into text field 'firstname'.</msg>
<status status="PASS" starttime="20230507 15:06:07.549" endtime="20230507 15:06:07.673"/>
</kw>
<kw name="Input Text" library="RPA.Browser.Selenium">
<arg>lastname</arg>
<arg>${sales_rep}[Last Name]</arg>
<doc>Types the given ``text`` into the text field identified by ``locator``.</doc>
<msg timestamp="20230507 15:06:07.674" level="INFO">Typing text 'Blindermann' into text field 'lastname'.</msg>
<status status="PASS" starttime="20230507 15:06:07.673" endtime="20230507 15:06:07.799"/>
</kw>
<kw name="Input Text" library="RPA.Browser.Selenium">
<arg>salesresult</arg>
<arg>${sales_rep}[Sales]</arg>
<doc>Types the given ``text`` into the text field identified by ``locator``.</doc>
<msg timestamp="20230507 15:06:07.801" level="INFO">Typing text '43564' into text field 'salesresult'.</msg>
<status status="PASS" starttime="20230507 15:06:07.800" endtime="20230507 15:06:08.033"/>
</kw>
<kw name="Select From List By Value" library="RPA.Browser.Selenium">
<arg>salestarget</arg>
<arg>${sales_rep}[Sales Target]</arg>
<doc>Selects options from selection list ``locator`` by ``values``.</doc>
<msg timestamp="20230507 15:06:08.034" level="INFO">Selecting options from selection list 'salestarget' by value 85000.</msg>
<status status="PASS" starttime="20230507 15:06:08.034" endtime="20230507 15:06:08.122"/>
</kw>
<kw name="Click Button" library="RPA.Browser.Selenium">
<arg>Submit</arg>
<doc>Clicks the button identified by ``locator``.</doc>
<msg timestamp="20230507 15:06:08.123" level="INFO">Clicking button 'Submit'.</msg>
<status status="PASS" starttime="20230507 15:06:08.122" endtime="20230507 15:06:08.371"/>
</kw>
<status status="PASS" starttime="20230507 15:06:07.548" endtime="20230507 15:06:08.371"/>
</kw>
<status status="PASS" starttime="20230507 15:06:07.547" endtime="20230507 15:06:08.372"/>
</iter>
<iter>
<var name="${sales_rep}">{'First Name': 'Fred', 'Last Name': 'Mengoni', 'Sales': 131725, 'Sales Target': 5000}</var>
<kw name="Fill and submit the form for one person">
<arg>${sales_rep}</arg>
<kw name="Input Text" library="RPA.Browser.Selenium">
<arg>firstname</arg>
<arg>${sales_rep}[First Name]</arg>
<doc>Types the given ``text`` into the text field identified by ``locator``.</doc>
<msg timestamp="20230507 15:06:08.375" level="INFO">Typing text 'Fred' into text field 'firstname'.</msg>
<status status="PASS" starttime="20230507 15:06:08.374" endtime="20230507 15:06:08.495"/>
</kw>
<kw name="Input Text" library="RPA.Browser.Selenium">
<arg>lastname</arg>
<arg>${sales_rep}[Last Name]</arg>
<doc>Types the given ``text`` into the text field identified by ``locator``.</doc>
<msg timestamp="20230507 15:06:08.497" level="INFO">Typing text 'Mengoni' into text field 'lastname'.</msg>
<status status="PASS" starttime="20230507 15:06:08.496" endtime="20230507 15:06:08.638"/>
</kw>
<kw name="Input Text" library="RPA.Browser.Selenium">
<arg>salesresult</arg>
<arg>${sales_rep}[Sales]</arg>
<doc>Types the given ``text`` into the text field identified by ``locator``.</doc>
<msg timestamp="20230507 15:06:08.639" level="INFO">Typing text '131725' into text field 'salesresult'.</msg>
<status status="PASS" starttime="20230507 15:06:08.639" endtime="20230507 15:06:08.766"/>
</kw>
<kw name="Select From List By Value" library="RPA.Browser.Selenium">
<arg>salestarget</arg>
<arg>${sales_rep}[Sales Target]</arg>
<doc>Selects options from selection list ``locator`` by ``values``.</doc>
<msg timestamp="20230507 15:06:08.767" level="INFO">Selecting options from selection list 'salestarget' by value 5000.</msg>
<status status="PASS" starttime="20230507 15:06:08.766" endtime="20230507 15:06:08.818"/>
</kw>
<kw name="Click Button" library="RPA.Browser.Selenium">
<arg>Submit</arg>
<doc>Clicks the button identified by ``locator``.</doc>
<msg timestamp="20230507 15:06:08.820" level="INFO">Clicking button 'Submit'.</msg>
<status status="PASS" starttime="20230507 15:06:08.819" endtime="20230507 15:06:09.072"/>
</kw>
<status status="PASS" starttime="20230507 15:06:08.373" endtime="20230507 15:06:09.073"/>
</kw>
<status status="PASS" starttime="20230507 15:06:08.372" endtime="20230507 15:06:09.074"/>
</iter>
<iter>
<var name="${sales_rep}">{'First Name': 'Nathanil', 'Last Name': 'Bragg', 'Sales': 100336, 'Sales Target': 35000}</var>
<kw name="Fill and submit the form for one person">
<arg>${sales_rep}</arg>
<kw name="Input Text" library="RPA.Browser.Selenium">
<arg>firstname</arg>
<arg>${sales_rep}[First Name]</arg>
<doc>Types the given ``text`` into the text field identified by ``locator``.</doc>
<msg timestamp="20230507 15:06:09.077" level="INFO">Typing text 'Nathanil' into text field 'firstname'.</msg>
<status status="PASS" starttime="20230507 15:06:09.076" endtime="20230507 15:06:09.207"/>
</kw>
<kw name="Input Text" library="RPA.Browser.Selenium">
<arg>lastname</arg>
<arg>${sales_rep}[Last Name]</arg>
<doc>Types the given ``text`` into the text field identified by ``locator``.</doc>
<msg timestamp="20230507 15:06:09.208" level="INFO">Typing text 'Bragg' into text field 'lastname'.</msg>
<status status="PASS" starttime="20230507 15:06:09.208" endtime="20230507 15:06:09.334"/>
</kw>
<kw name="Input Text" library="RPA.Browser.Selenium">
<arg>salesresult</arg>
<arg>${sales_rep}[Sales]</arg>
<doc>Types the given ``text`` into the text field identified by ``locator``.</doc>
<msg timestamp="20230507 15:06:09.334" level="INFO">Typing text '100336' into text field 'salesresult'.</msg>
<status status="PASS" starttime="20230507 15:06:09.334" endtime="20230507 15:06:09.452"/>
</kw>
<kw name="Select From List By Value" library="RPA.Browser.Selenium">
<arg>salestarget</arg>
<arg>${sales_rep}[Sales Target]</arg>
<doc>Selects options from selection list ``locator`` by ``values``.</doc>
<msg timestamp="20230507 15:06:09.453" level="INFO">Selecting options from selection list 'salestarget' by value 35000.</msg>
<status status="PASS" starttime="20230507 15:06:09.452" endtime="20230507 15:06:09.547"/>
</kw>
<kw name="Click Button" library="RPA.Browser.Selenium">
<arg>Submit</arg>
<doc>Clicks the button identified by ``locator``.</doc>
<msg timestamp="20230507 15:06:09.549" level="INFO">Clicking button 'Submit'.</msg>
<status status="PASS" starttime="20230507 15:06:09.548" endtime="20230507 15:06:09.801"/>
</kw>
<status status="PASS" starttime="20230507 15:06:09.075" endtime="20230507 15:06:09.801"/>
</kw>
<status status="PASS" starttime="20230507 15:06:09.074" endtime="20230507 15:06:09.802"/>
</iter>
<iter>
<var name="${sales_rep}">{'First Name': 'Casar', 'Last Name': 'Kubek', 'Sales': 143750, 'Sales Target': 100000}</var>
<kw name="Fill and submit the form for one person">
<arg>${sales_rep}</arg>
<kw name="Input Text" library="RPA.Browser.Selenium">
<arg>firstname</arg>
<arg>${sales_rep}[First Name]</arg>
<doc>Types the given ``text`` into the text field identified by ``locator``.</doc>
<msg timestamp="20230507 15:06:09.805" level="INFO">Typing text 'Casar' into text field 'firstname'.</msg>
<status status="PASS" starttime="20230507 15:06:09.804" endtime="20230507 15:06:09.921"/>
</kw>
<kw name="Input Text" library="RPA.Browser.Selenium">
<arg>lastname</arg>
<arg>${sales_rep}[Last Name]</arg>
<doc>Types the given ``text`` into the text field identified by ``locator``.</doc>
<msg timestamp="20230507 15:06:09.922" level="INFO">Typing text 'Kubek' into text field 'lastname'.</msg>
<status status="PASS" starttime="20230507 15:06:09.921" endtime="20230507 15:06:10.038"/>
</kw>
<kw name="Input Text" library="RPA.Browser.Selenium">
<arg>salesresult</arg>
<arg>${sales_rep}[Sales]</arg>
<doc>Types the given ``text`` into the text field identified by ``locator``.</doc>
<msg timestamp="20230507 15:06:10.039" level="INFO">Typing text '143750' into text field 'salesresult'.</msg>
<status status="PASS" starttime="20230507 15:06:10.039" endtime="20230507 15:06:10.162"/>
</kw>
<kw name="Select From List By Value" library="RPA.Browser.Selenium">
<arg>salestarget</arg>
<arg>${sales_rep}[Sales Target]</arg>
<doc>Selects options from selection list ``locator`` by ``values``.</doc>
<msg timestamp="20230507 15:06:10.163" level="INFO">Selecting options from selection list 'salestarget' by value 100000.</msg>
<status status="PASS" starttime="20230507 15:06:10.162" endtime="20230507 15:06:10.258"/>
</kw>
<kw name="Click Button" library="RPA.Browser.Selenium">
<arg>Submit</arg>
<doc>Clicks the button identified by ``locator``.</doc>
<msg timestamp="20230507 15:06:10.259" level="INFO">Clicking button 'Submit'.</msg>
<status status="PASS" starttime="20230507 15:06:10.259" endtime="20230507 15:06:10.525"/>
</kw>
<status status="PASS" starttime="20230507 15:06:09.803" endtime="20230507 15:06:10.525"/>
</kw>
<status status="PASS" starttime="20230507 15:06:09.802" endtime="20230507 15:06:10.526"/>
</iter>
<iter>
<var name="${sales_rep}">{'First Name': 'Myrtle', 'Last Name': 'Puddle', 'Sales': 22729, 'Sales Target': 10000}</var>
<kw name="Fill and submit the form for one person">
<arg>${sales_rep}</arg>
<kw name="Input Text" library="RPA.Browser.Selenium">
<arg>firstname</arg>
<arg>${sales_rep}[First Name]</arg>
<doc>Types the given ``text`` into the text field identified by ``locator``.</doc>
<msg timestamp="20230507 15:06:10.529" level="INFO">Typing text 'Myrtle' into text field 'firstname'.</msg>
<status status="PASS" starttime="20230507 15:06:10.528" endtime="20230507 15:06:10.652"/>
</kw>
<kw name="Input Text" library="RPA.Browser.Selenium">
<arg>lastname</arg>
<arg>${sales_rep}[Last Name]</arg>
<doc>Types the given ``text`` into the text field identified by ``locator``.</doc>
<msg timestamp="20230507 15:06:10.653" level="INFO">Typing text 'Puddle' into text field 'lastname'.</msg>
<status status="PASS" starttime="20230507 15:06:10.652" endtime="20230507 15:06:10.772"/>
</kw>
<kw name="Input Text" library="RPA.Browser.Selenium">
<arg>salesresult</arg>
<arg>${sales_rep}[Sales]</arg>
<doc>Types the given ``text`` into the text field identified by ``locator``.</doc>
<msg timestamp="20230507 15:06:10.773" level="INFO">Typing text '22729' into text field 'salesresult'.</msg>
<status status="PASS" starttime="20230507 15:06:10.772" endtime="20230507 15:06:10.884"/>
</kw>
<kw name="Select From List By Value" library="RPA.Browser.Selenium">
<arg>salestarget</arg>
<arg>${sales_rep}[Sales Target]</arg>
<doc>Selects options from selection list ``locator`` by ``values``.</doc>
<msg timestamp="20230507 15:06:10.885" level="INFO">Selecting options from selection list 'salestarget' by value 10000.</msg>
<status status="PASS" starttime="20230507 15:06:10.885" endtime="20230507 15:06:10.974"/>
</kw>
<kw name="Click Button" library="RPA.Browser.Selenium">
<arg>Submit</arg>
<doc>Clicks the button identified by ``locator``.</doc>
<msg timestamp="20230507 15:06:10.975" level="INFO">Clicking button 'Submit'.</msg>
<status status="PASS" starttime="20230507 15:06:10.975" endtime="20230507 15:06:11.219"/>
</kw>
<status status="PASS" starttime="20230507 15:06:10.527" endtime="20230507 15:06:11.220"/>
</kw>
<status status="PASS" starttime="20230507 15:06:10.526" endtime="20230507 15:06:11.220"/>
</iter>
<iter>
<var name="${sales_rep}">{'First Name': 'Devi', 'Last Name': 'Oag', 'Sales': 140919, 'Sales Target': 10000}</var>
<kw name="Fill and submit the form for one person">
<arg>${sales_rep}</arg>
<kw name="Input Text" library="RPA.Browser.Selenium">
<arg>firstname</arg>
<arg>${sales_rep}[First Name]</arg>
<doc>Types the given ``text`` into the text field identified by ``locator``.</doc>
<msg timestamp="20230507 15:06:11.224" level="INFO">Typing text 'Devi' into text field 'firstname'.</msg>
<status status="PASS" starttime="20230507 15:06:11.223" endtime="20230507 15:06:11.336"/>
</kw>
<kw name="Input Text" library="RPA.Browser.Selenium">
<arg>lastname</arg>
<arg>${sales_rep}[Last Name]</arg>
<doc>Types the given ``text`` into the text field identified by ``locator``.</doc>
<msg timestamp="20230507 15:06:11.337" level="INFO">Typing text 'Oag' into text field 'lastname'.</msg>
<status status="PASS" starttime="20230507 15:06:11.336" endtime="20230507 15:06:11.448"/>
</kw>
<kw name="Input Text" library="RPA.Browser.Selenium">
<arg>salesresult</arg>
<arg>${sales_rep}[Sales]</arg>
<doc>Types the given ``text`` into the text field identified by ``locator``.</doc>
<msg timestamp="20230507 15:06:11.450" level="INFO">Typing text '140919' into text field 'salesresult'.</msg>
<status status="PASS" starttime="20230507 15:06:11.449" endtime="20230507 15:06:11.568"/>
</kw>
<kw name="Select From List By Value" library="RPA.Browser.Selenium">
<arg>salestarget</arg>
<arg>${sales_rep}[Sales Target]</arg>
<doc>Selects options from selection list ``locator`` by ``values``.</doc>
<msg timestamp="20230507 15:06:11.569" level="INFO">Selecting options from selection list 'salestarget' by value 10000.</msg>
<status status="PASS" starttime="20230507 15:06:11.568" endtime="20230507 15:06:11.658"/>
</kw>
<kw name="Click Button" library="RPA.Browser.Selenium">
<arg>Submit</arg>
<doc>Clicks the button identified by ``locator``.</doc>
<msg timestamp="20230507 15:06:11.659" level="INFO">Clicking button 'Submit'.</msg>
<status status="PASS" starttime="20230507 15:06:11.658" endtime="20230507 15:06:11.912"/>
</kw>
<status status="PASS" starttime="20230507 15:06:11.222" endtime="20230507 15:06:11.913"/>
</kw>
<status status="PASS" starttime="20230507 15:06:11.221" endtime="20230507 15:06:11.913"/>
</iter>
<iter>
<var name="${sales_rep}">{'First Name': 'Emyle', 'Last Name': "O'Driscole", 'Sales': 70981, 'Sales Target': 10000}</var>
<kw name="Fill and submit the form for one person">
<arg>${sales_rep}</arg>
<kw name="Input Text" library="RPA.Browser.Selenium">
<arg>firstname</arg>
<arg>${sales_rep}[First Name]</arg>
<doc>Types the given ``text`` into the text field identified by ``locator``.</doc>
<msg timestamp="20230507 15:06:11.916" level="INFO">Typing text 'Emyle' into text field 'firstname'.</msg>
<status status="PASS" starttime="20230507 15:06:11.915" endtime="20230507 15:06:12.024"/>
</kw>
<kw name="Input Text" library="RPA.Browser.Selenium">
<arg>lastname</arg>
<arg>${sales_rep}[Last Name]</arg>
<doc>Types the given ``text`` into the text field identified by ``locator``.</doc>
<msg timestamp="20230507 15:06:12.026" level="INFO">Typing text 'O'Driscole' into text field 'lastname'.</msg>
<status status="PASS" starttime="20230507 15:06:12.025" endtime="20230507 15:06:12.245"/>
</kw>
<kw name="Input Text" library="RPA.Browser.Selenium">
<arg>salesresult</arg>
<arg>${sales_rep}[Sales]</arg>
<doc>Types the given ``text`` into the text field identified by ``locator``.</doc>
<msg timestamp="20230507 15:06:12.247" level="INFO">Typing text '70981' into text field 'salesresult'.</msg>
<status status="PASS" starttime="20230507 15:06:12.246" endtime="20230507 15:06:12.343"/>
</kw>
<kw name="Select From List By Value" library="RPA.Browser.Selenium">
<arg>salestarget</arg>
<arg>${sales_rep}[Sales Target]</arg>
<doc>Selects options from selection list ``locator`` by ``values``.</doc>
<msg timestamp="20230507 15:06:12.345" level="INFO">Selecting options from selection list 'salestarget' by value 10000.</msg>
<status status="PASS" starttime="20230507 15:06:12.344" endtime="20230507 15:06:12.423"/>
</kw>
<kw name="Click Button" library="RPA.Browser.Selenium">
<arg>Submit</arg>
<doc>Clicks the button identified by ``locator``.</doc>
<msg timestamp="20230507 15:06:12.424" level="INFO">Clicking button 'Submit'.</msg>
<status status="PASS" starttime="20230507 15:06:12.424" endtime="20230507 15:06:12.660"/>
</kw>
<status status="PASS" starttime="20230507 15:06:11.914" endtime="20230507 15:06:12.661"/>
</kw>
<status status="PASS" starttime="20230507 15:06:11.913" endtime="20230507 15:06:12.661"/>
</iter>
<iter>
<var name="${sales_rep}">{'First Name': 'Mickie', 'Last Name': 'Linbohm', 'Sales': 80516, 'Sales Target': 10000}</var>
<kw name="Fill and submit the form for one person">
<arg>${sales_rep}</arg>
<kw name="Input Text" library="RPA.Browser.Selenium">
<arg>firstname</arg>
<arg>${sales_rep}[First Name]</arg>
<doc>Types the given ``text`` into the text field identified by ``locator``.</doc>
<msg timestamp="20230507 15:06:12.666" level="INFO">Typing text 'Mickie' into text field 'firstname'.</msg>
<status status="PASS" starttime="20230507 15:06:12.665" endtime="20230507 15:06:12.781"/>
</kw>
<kw name="Input Text" library="RPA.Browser.Selenium">
<arg>lastname</arg>
<arg>${sales_rep}[Last Name]</arg>
<doc>Types the given ``text`` into the text field identified by ``locator``.</doc>
<msg timestamp="20230507 15:06:12.782" level="INFO">Typing text 'Linbohm' into text field 'lastname'.</msg>
<status status="PASS" starttime="20230507 15:06:12.782" endtime="20230507 15:06:12.928"/>
</kw>
<kw name="Input Text" library="RPA.Browser.Selenium">
<arg>salesresult</arg>
<arg>${sales_rep}[Sales]</arg>
<doc>Types the given ``text`` into the text field identified by ``locator``.</doc>
<msg timestamp="20230507 15:06:12.931" level="INFO">Typing text '80516' into text field 'salesresult'.</msg>
<status status="PASS" starttime="20230507 15:06:12.929" endtime="20230507 15:06:13.049"/>
</kw>
<kw name="Select From List By Value" library="RPA.Browser.Selenium">
<arg>salestarget</arg>
<arg>${sales_rep}[Sales Target]</arg>
<doc>Selects options from selection list ``locator`` by ``values``.</doc>
<msg timestamp="20230507 15:06:13.051" level="INFO">Selecting options from selection list 'salestarget' by value 10000.</msg>
<status status="PASS" starttime="20230507 15:06:13.049" endtime="20230507 15:06:13.135"/>
</kw>
<kw name="Click Button" library="RPA.Browser.Selenium">
<arg>Submit</arg>
<doc>Clicks the button identified by ``locator``.</doc>
<msg timestamp="20230507 15:06:13.136" level="INFO">Clicking button 'Submit'.</msg>
<status status="PASS" starttime="20230507 15:06:13.135" endtime="20230507 15:06:13.463"/>
</kw>
<status status="PASS" starttime="20230507 15:06:12.664" endtime="20230507 15:06:13.464"/>
</kw>
<status status="PASS" starttime="20230507 15:06:12.662" endtime="20230507 15:06:13.464"/>
</iter>
<iter>
<var name="${sales_rep}">{'First Name': 'Isaac', 'Last Name': 'Asimov', 'Sales': 118852, 'Sales Target': 65000}</var>
<kw name="Fill and submit the form for one person">
<arg>${sales_rep}</arg>
<kw name="Input Text" library="RPA.Browser.Selenium">
<arg>firstname</arg>
<arg>${sales_rep}[First Name]</arg>
<doc>Types the given ``text`` into the text field identified by ``locator``.</doc>
<msg timestamp="20230507 15:06:13.468" level="INFO">Typing text 'Isaac' into text field 'firstname'.</msg>
<status status="PASS" starttime="20230507 15:06:13.467" endtime="20230507 15:06:13.591"/>
</kw>
<kw name="Input Text" library="RPA.Browser.Selenium">
<arg>lastname</arg>
<arg>${sales_rep}[Last Name]</arg>
<doc>Types the given ``text`` into the text field identified by ``locator``.</doc>
<msg timestamp="20230507 15:06:13.592" level="INFO">Typing text 'Asimov' into text field 'lastname'.</msg>
<status status="PASS" starttime="20230507 15:06:13.591" endtime="20230507 15:06:13.725"/>
</kw>
<kw name="Input Text" library="RPA.Browser.Selenium">
<arg>salesresult</arg>
<arg>${sales_rep}[Sales]</arg>
<doc>Types the given ``text`` into the text field identified by ``locator``.</doc>
<msg timestamp="20230507 15:06:13.727" level="INFO">Typing text '118852' into text field 'salesresult'.</msg>
<status status="PASS" starttime="20230507 15:06:13.725" endtime="20230507 15:06:13.881"/>
</kw>
<kw name="Select From List By Value" library="RPA.Browser.Selenium">
<arg>salestarget</arg>
<arg>${sales_rep}[Sales Target]</arg>
<doc>Selects options from selection list ``locator`` by ``values``.</doc>
<msg timestamp="20230507 15:06:13.883" level="INFO">Selecting options from selection list 'salestarget' by value 65000.</msg>
<status status="PASS" starttime="20230507 15:06:13.882" endtime="20230507 15:06:13.989"/>
</kw>
<kw name="Click Button" library="RPA.Browser.Selenium">
<arg>Submit</arg>
<doc>Clicks the button identified by ``locator``.</doc>
<msg timestamp="20230507 15:06:13.990" level="INFO">Clicking button 'Submit'.</msg>
<status status="PASS" starttime="20230507 15:06:13.990" endtime="20230507 15:06:14.324"/>
</kw>
<status status="PASS" starttime="20230507 15:06:13.465" endtime="20230507 15:06:14.325"/>
</kw>
<status status="PASS" starttime="20230507 15:06:13.465" endtime="20230507 15:06:14.325"/>
</iter>
<iter>
<var name="${sales_rep}">{'First Name': 'Florence', 'Last Name': 'Mundow', 'Sales': 122953, 'Sales Target': 10000}</var>
<kw name="Fill and submit the form for one person">
<arg>${sales_rep}</arg>
<kw name="Input Text" library="RPA.Browser.Selenium">
<arg>firstname</arg>
<arg>${sales_rep}[First Name]</arg>
<doc>Types the given ``text`` into the text field identified by ``locator``.</doc>
<msg timestamp="20230507 15:06:14.329" level="INFO">Typing text 'Florence' into text field 'firstname'.</msg>
<status status="PASS" starttime="20230507 15:06:14.328" endtime="20230507 15:06:14.480"/>
</kw>
<kw name="Input Text" library="RPA.Browser.Selenium">
<arg>lastname</arg>
<arg>${sales_rep}[Last Name]</arg>
<doc>Types the given ``text`` into the text field identified by ``locator``.</doc>
<msg timestamp="20230507 15:06:14.482" level="INFO">Typing text 'Mundow' into text field 'lastname'.</msg>
<status status="PASS" starttime="20230507 15:06:14.481" endtime="20230507 15:06:14.821"/>
</kw>
<kw name="Input Text" library="RPA.Browser.Selenium">
<arg>salesresult</arg>
<arg>${sales_rep}[Sales]</arg>
<doc>Types the given ``text`` into the text field identified by ``locator``.</doc>
<msg timestamp="20230507 15:06:14.823" level="INFO">Typing text '122953' into text field 'salesresult'.</msg>
<status status="PASS" starttime="20230507 15:06:14.822" endtime="20230507 15:06:14.949"/>
</kw>
<kw name="Select From List By Value" library="RPA.Browser.Selenium">
<arg>salestarget</arg>
<arg>${sales_rep}[Sales Target]</arg>
<doc>Selects options from selection list ``locator`` by ``values``.</doc>
<msg timestamp="20230507 15:06:14.950" level="INFO">Selecting options from selection list 'salestarget' by value 10000.</msg>
<status status="PASS" starttime="20230507 15:06:14.949" endtime="20230507 15:06:15.046"/>
</kw>
<kw name="Click Button" library="RPA.Browser.Selenium">
<arg>Submit</arg>
<doc>Clicks the button identified by ``locator``.</doc>
<msg timestamp="20230507 15:06:15.048" level="INFO">Clicking button 'Submit'.</msg>
<status status="PASS" starttime="20230507 15:06:15.047" endtime="20230507 15:06:15.387"/>
</kw>
<status status="PASS" starttime="20230507 15:06:14.326" endtime="20230507 15:06:15.387"/>
</kw>
<status status="PASS" starttime="20230507 15:06:14.326" endtime="20230507 15:06:15.388"/>
</iter>
<iter>
<var name="${sales_rep}">{'First Name': 'Mahalia', 'Last Name': 'Goodee', 'Sales': 46997, 'Sales Target': 45000}</var>
<kw name="Fill and submit the form for one person">
<arg>${sales_rep}</arg>
<kw name="Input Text" library="RPA.Browser.Selenium">
<arg>firstname</arg>
<arg>${sales_rep}[First Name]</arg>
<doc>Types the given ``text`` into the text field identified by ``locator``.</doc>
<msg timestamp="20230507 15:06:15.391" level="INFO">Typing text 'Mahalia' into text field 'firstname'.</msg>
<status status="PASS" starttime="20230507 15:06:15.390" endtime="20230507 15:06:15.510"/>
</kw>
<kw name="Input Text" library="RPA.Browser.Selenium">
<arg>lastname</arg>
<arg>${sales_rep}[Last Name]</arg>
<doc>Types the given ``text`` into the text field identified by ``locator``.</doc>
<msg timestamp="20230507 15:06:15.513" level="INFO">Typing text 'Goodee' into text field 'lastname'.</msg>
<status status="PASS" starttime="20230507 15:06:15.511" endtime="20230507 15:06:15.627"/>
</kw>
<kw name="Input Text" library="RPA.Browser.Selenium">
<arg>salesresult</arg>
<arg>${sales_rep}[Sales]</arg>
<doc>Types the given ``text`` into the text field identified by ``locator``.</doc>
<msg timestamp="20230507 15:06:15.630" level="INFO">Typing text '46997' into text field 'salesresult'.</msg>
<status status="PASS" starttime="20230507 15:06:15.628" endtime="20230507 15:06:15.738"/>
</kw>
<kw name="Select From List By Value" library="RPA.Browser.Selenium">
<arg>salestarget</arg>
<arg>${sales_rep}[Sales Target]</arg>
<doc>Selects options from selection list ``locator`` by ``values``.</doc>
<msg timestamp="20230507 15:06:15.739" level="INFO">Selecting options from selection list 'salestarget' by value 45000.</msg>
<status status="PASS" starttime="20230507 15:06:15.739" endtime="20230507 15:06:15.823"/>
</kw>
<kw name="Click Button" library="RPA.Browser.Selenium">
<arg>Submit</arg>
<doc>Clicks the button identified by ``locator``.</doc>
<msg timestamp="20230507 15:06:15.825" level="INFO">Clicking button 'Submit'.</msg>
<status status="PASS" starttime="20230507 15:06:15.824" endtime="20230507 15:06:16.054"/>
</kw>
<status status="PASS" starttime="20230507 15:06:15.389" endtime="20230507 15:06:16.054"/>
</kw>
<status status="PASS" starttime="20230507 15:06:15.388" endtime="20230507 15:06:16.054"/>
</iter>
<iter>
<var name="${sales_rep}">{'First Name': 'Christy', 'Last Name': 'Iwaszkiewicz', 'Sales': 91465, 'Sales Target': 100000}</var>
<kw name="Fill and submit the form for one person">
<arg>${sales_rep}</arg>
<kw name="Input Text" library="RPA.Browser.Selenium">
<arg>firstname</arg>
<arg>${sales_rep}[First Name]</arg>
<doc>Types the given ``text`` into the text field identified by ``locator``.</doc>
<msg timestamp="20230507 15:06:16.057" level="INFO">Typing text 'Christy' into text field 'firstname'.</msg>
<status status="PASS" starttime="20230507 15:06:16.056" endtime="20230507 15:06:16.171"/>
</kw>
<kw name="Input Text" library="RPA.Browser.Selenium">
<arg>lastname</arg>
<arg>${sales_rep}[Last Name]</arg>
<doc>Types the given ``text`` into the text field identified by ``locator``.</doc>
<msg timestamp="20230507 15:06:16.172" level="INFO">Typing text 'Iwaszkiewicz' into text field 'lastname'.</msg>
<status status="PASS" starttime="20230507 15:06:16.171" endtime="20230507 15:06:16.293"/>
</kw>
<kw name="Input Text" library="RPA.Browser.Selenium">
<arg>salesresult</arg>
<arg>${sales_rep}[Sales]</arg>
<doc>Types the given ``text`` into the text field identified by ``locator``.</doc>
<msg timestamp="20230507 15:06:16.294" level="INFO">Typing text '91465' into text field 'salesresult'.</msg>
<status status="PASS" starttime="20230507 15:06:16.294" endtime="20230507 15:06:16.392"/>
</kw>
<kw name="Select From List By Value" library="RPA.Browser.Selenium">
<arg>salestarget</arg>
<arg>${sales_rep}[Sales Target]</arg>
<doc>Selects options from selection list ``locator`` by ``values``.</doc>
<msg timestamp="20230507 15:06:16.393" level="INFO">Selecting options from selection list 'salestarget' by value 100000.</msg>
<status status="PASS" starttime="20230507 15:06:16.392" endtime="20230507 15:06:16.475"/>
</kw>
<kw name="Click Button" library="RPA.Browser.Selenium">
<arg>Submit</arg>
<doc>Clicks the button identified by ``locator``.</doc>
<msg timestamp="20230507 15:06:16.476" level="INFO">Clicking button 'Submit'.</msg>
<status status="PASS" starttime="20230507 15:06:16.475" endtime="20230507 15:06:16.956"/>
</kw>
<status status="PASS" starttime="20230507 15:06:16.055" endtime="20230507 15:06:16.956"/>
</kw>
<status status="PASS" starttime="20230507 15:06:16.055" endtime="20230507 15:06:16.957"/>
</iter>
<iter>
<var name="${sales_rep}">{'First Name': 'Madelyn', 'Last Name': 'Sire', 'Sales': 66825, 'Sales Target': 60000}</var>
<kw name="Fill and submit the form for one person">
<arg>${sales_rep}</arg>
<kw name="Input Text" library="RPA.Browser.Selenium">
<arg>firstname</arg>
<arg>${sales_rep}[First Name]</arg>
<doc>Types the given ``text`` into the text field identified by ``locator``.</doc>
<msg timestamp="20230507 15:06:16.962" level="INFO">Typing text 'Madelyn' into text field 'firstname'.</msg>
<status status="PASS" starttime="20230507 15:06:16.960" endtime="20230507 15:06:17.148"/>
</kw>
<kw name="Input Text" library="RPA.Browser.Selenium">
<arg>lastname</arg>
<arg>${sales_rep}[Last Name]</arg>
<doc>Types the given ``text`` into the text field identified by ``locator``.</doc>
<msg timestamp="20230507 15:06:17.151" level="INFO">Typing text 'Sire' into text field 'lastname'.</msg>
<status status="PASS" starttime="20230507 15:06:17.149" endtime="20230507 15:06:17.287"/>
</kw>
<kw name="Input Text" library="RPA.Browser.Selenium">
<arg>salesresult</arg>
<arg>${sales_rep}[Sales]</arg>
<doc>Types the given ``text`` into the text field identified by ``locator``.</doc>
<msg timestamp="20230507 15:06:17.289" level="INFO">Typing text '66825' into text field 'salesresult'.</msg>
<status status="PASS" starttime="20230507 15:06:17.288" endtime="20230507 15:06:17.420"/>
</kw>
<kw name="Select From List By Value" library="RPA.Browser.Selenium">
<arg>salestarget</arg>
<arg>${sales_rep}[Sales Target]</arg>
<doc>Selects options from selection list ``locator`` by ``values``.</doc>
<msg timestamp="20230507 15:06:17.421" level="INFO">Selecting options from selection list 'salestarget' by value 60000.</msg>
<status status="PASS" starttime="20230507 15:06:17.420" endtime="20230507 15:06:17.519"/>
</kw>
<kw name="Click Button" library="RPA.Browser.Selenium">
<arg>Submit</arg>
<doc>Clicks the button identified by ``locator``.</doc>
<msg timestamp="20230507 15:06:17.520" level="INFO">Clicking button 'Submit'.</msg>
<status status="PASS" starttime="20230507 15:06:17.519" endtime="20230507 15:06:17.768"/>
</kw>
<status status="PASS" starttime="20230507 15:06:16.958" endtime="20230507 15:06:17.769"/>
</kw>
<status status="PASS" starttime="20230507 15:06:16.957" endtime="20230507 15:06:17.769"/>
</iter>
<iter>
<var name="${sales_rep}">{'First Name': 'Thurstan', 'Last Name': 'Karus', 'Sales': 131244, 'Sales Target': 50000}</var>
<kw name="Fill and submit the form for one person">
<arg>${sales_rep}</arg>
<kw name="Input Text" library="RPA.Browser.Selenium">
<arg>firstname</arg>
<arg>${sales_rep}[First Name]</arg>
<doc>Types the given ``text`` into the text field identified by ``locator``.</doc>
<msg timestamp="20230507 15:06:17.772" level="INFO">Typing text 'Thurstan' into text field 'firstname'.</msg>
<status status="PASS" starttime="20230507 15:06:17.771" endtime="20230507 15:06:17.881"/>
</kw>
<kw name="Input Text" library="RPA.Browser.Selenium">
<arg>lastname</arg>
<arg>${sales_rep}[Last Name]</arg>
<doc>Types the given ``text`` into the text field identified by ``locator``.</doc>
<msg timestamp="20230507 15:06:17.882" level="INFO">Typing text 'Karus' into text field 'lastname'.</msg>
<status status="PASS" starttime="20230507 15:06:17.881" endtime="20230507 15:06:17.985"/>
</kw>
<kw name="Input Text" library="RPA.Browser.Selenium">
<arg>salesresult</arg>
<arg>${sales_rep}[Sales]</arg>
<doc>Types the given ``text`` into the text field identified by ``locator``.</doc>
<msg timestamp="20230507 15:06:17.986" level="INFO">Typing text '131244' into text field 'salesresult'.</msg>
<status status="PASS" starttime="20230507 15:06:17.985" endtime="20230507 15:06:18.091"/>
</kw>
<kw name="Select From List By Value" library="RPA.Browser.Selenium">
<arg>salestarget</arg>
<arg>${sales_rep}[Sales Target]</arg>
<doc>Selects options from selection list ``locator`` by ``values``.</doc>
<msg timestamp="20230507 15:06:18.092" level="INFO">Selecting options from selection list 'salestarget' by value 50000.</msg>
<status status="PASS" starttime="20230507 15:06:18.091" endtime="20230507 15:06:18.174"/>
</kw>
<kw name="Click Button" library="RPA.Browser.Selenium">
<arg>Submit</arg>
<doc>Clicks the button identified by ``locator``.</doc>
<msg timestamp="20230507 15:06:18.175" level="INFO">Clicking button 'Submit'.</msg>
<status status="PASS" starttime="20230507 15:06:18.174" endtime="20230507 15:06:18.439"/>
</kw>
<status status="PASS" starttime="20230507 15:06:17.770" endtime="20230507 15:06:18.440"/>
</kw>
<status status="PASS" starttime="20230507 15:06:17.769" endtime="20230507 15:06:18.440"/>
</iter>
<iter>
<var name="${sales_rep}">{'First Name': 'Bibi', 'Last Name': 'Rosita', 'Sales': 94131, 'Sales Target': 30000}</var>
<kw name="Fill and submit the form for one person">
<arg>${sales_rep}</arg>
<kw name="Input Text" library="RPA.Browser.Selenium">
<arg>firstname</arg>
<arg>${sales_rep}[First Name]</arg>
<doc>Types the given ``text`` into the text field identified by ``locator``.</doc>
<msg timestamp="20230507 15:06:18.443" level="INFO">Typing text 'Bibi' into text field 'firstname'.</msg>
<status status="PASS" starttime="20230507 15:06:18.442" endtime="20230507 15:06:18.549"/>
</kw>
<kw name="Input Text" library="RPA.Browser.Selenium">
<arg>lastname</arg>
<arg>${sales_rep}[Last Name]</arg>
<doc>Types the given ``text`` into the text field identified by ``locator``.</doc>
<msg timestamp="20230507 15:06:18.550" level="INFO">Typing text 'Rosita' into text field 'lastname'.</msg>
<status status="PASS" starttime="20230507 15:06:18.549" endtime="20230507 15:06:18.655"/>
</kw>
<kw name="Input Text" library="RPA.Browser.Selenium">
<arg>salesresult</arg>
<arg>${sales_rep}[Sales]</arg>
<doc>Types the given ``text`` into the text field identified by ``locator``.</doc>
<msg timestamp="20230507 15:06:18.657" level="INFO">Typing text '94131' into text field 'salesresult'.</msg>
<status status="PASS" starttime="20230507 15:06:18.655" endtime="20230507 15:06:18.759"/>
</kw>
<kw name="Select From List By Value" library="RPA.Browser.Selenium">
<arg>salestarget</arg>
<arg>${sales_rep}[Sales Target]</arg>
<doc>Selects options from selection list ``locator`` by ``values``.</doc>
<msg timestamp="20230507 15:06:18.761" level="INFO">Selecting options from selection list 'salestarget' by value 30000.</msg>
<status status="PASS" starttime="20230507 15:06:18.759" endtime="20230507 15:06:18.839"/>
</kw>
<kw name="Click Button" library="RPA.Browser.Selenium">
<arg>Submit</arg>
<doc>Clicks the button identified by ``locator``.</doc>
<msg timestamp="20230507 15:06:18.840" level="INFO">Clicking button 'Submit'.</msg>
<status status="PASS" starttime="20230507 15:06:18.839" endtime="20230507 15:06:19.081"/>
</kw>
<status status="PASS" starttime="20230507 15:06:18.441" endtime="20230507 15:06:19.082"/>
</kw>
<status status="PASS" starttime="20230507 15:06:18.441" endtime="20230507 15:06:19.083"/>
</iter>
<iter>
<var name="${sales_rep}">{'First Name': 'Abbe', 'Last Name': 'Aldcorn', 'Sales': 97489, 'Sales Target': 60000}</var>
<kw name="Fill and submit the form for one person">
<arg>${sales_rep}</arg>
<kw name="Input Text" library="RPA.Browser.Selenium">
<arg>firstname</arg>
<arg>${sales_rep}[First Name]</arg>
<doc>Types the given ``text`` into the text field identified by ``locator``.</doc>
<msg timestamp="20230507 15:06:19.086" level="INFO">Typing text 'Abbe' into text field 'firstname'.</msg>
<status status="PASS" starttime="20230507 15:06:19.085" endtime="20230507 15:06:19.187"/>
</kw>
<kw name="Input Text" library="RPA.Browser.Selenium">
<arg>lastname</arg>
<arg>${sales_rep}[Last Name]</arg>
<doc>Types the given ``text`` into the text field identified by ``locator``.</doc>
<msg timestamp="20230507 15:06:19.188" level="INFO">Typing text 'Aldcorn' into text field 'lastname'.</msg>
<status status="PASS" starttime="20230507 15:06:19.187" endtime="20230507 15:06:19.298"/>
</kw>
<kw name="Input Text" library="RPA.Browser.Selenium">
<arg>salesresult</arg>
<arg>${sales_rep}[Sales]</arg>
<doc>Types the given ``text`` into the text field identified by ``locator``.</doc>
<msg timestamp="20230507 15:06:19.299" level="INFO">Typing text '97489' into text field 'salesresult'.</msg>
<status status="PASS" starttime="20230507 15:06:19.298" endtime="20230507 15:06:19.401"/>
</kw>
<kw name="Select From List By Value" library="RPA.Browser.Selenium">
<arg>salestarget</arg>
<arg>${sales_rep}[Sales Target]</arg>
<doc>Selects options from selection list ``locator`` by ``values``.</doc>
<msg timestamp="20230507 15:06:19.402" level="INFO">Selecting options from selection list 'salestarget' by value 60000.</msg>
<status status="PASS" starttime="20230507 15:06:19.402" endtime="20230507 15:06:19.481"/>
</kw>
<kw name="Click Button" library="RPA.Browser.Selenium">
<arg>Submit</arg>
<doc>Clicks the button identified by ``locator``.</doc>
<msg timestamp="20230507 15:06:19.482" level="INFO">Clicking button 'Submit'.</msg>
<status status="PASS" starttime="20230507 15:06:19.481" endtime="20230507 15:06:19.731"/>
</kw>
<status status="PASS" starttime="20230507 15:06:19.085" endtime="20230507 15:06:19.732"/>
</kw>
<status status="PASS" starttime="20230507 15:06:19.083" endtime="20230507 15:06:19.732"/>
</iter>
<iter>
<var name="${sales_rep}">{'First Name': 'Ariadne', 'Last Name': 'Kiessel', 'Sales': 86637, 'Sales Target': 70000}</var>
<kw name="Fill and submit the form for one person">
<arg>${sales_rep}</arg>
<kw name="Input Text" library="RPA.Browser.Selenium">
<arg>firstname</arg>
<arg>${sales_rep}[First Name]</arg>
<doc>Types the given ``text`` into the text field identified by ``locator``.</doc>
<msg timestamp="20230507 15:06:19.735" level="INFO">Typing text 'Ariadne' into text field 'firstname'.</msg>
<status status="PASS" starttime="20230507 15:06:19.735" endtime="20230507 15:06:19.849"/>
</kw>
<kw name="Input Text" library="RPA.Browser.Selenium">
<arg>lastname</arg>
<arg>${sales_rep}[Last Name]</arg>
<doc>Types the given ``text`` into the text field identified by ``locator``.</doc>
<msg timestamp="20230507 15:06:19.850" level="INFO">Typing text 'Kiessel' into text field 'lastname'.</msg>
<status status="PASS" starttime="20230507 15:06:19.850" endtime="20230507 15:06:19.956"/>
</kw>
<kw name="Input Text" library="RPA.Browser.Selenium">
<arg>salesresult</arg>
<arg>${sales_rep}[Sales]</arg>
<doc>Types the given ``text`` into the text field identified by ``locator``.</doc>
<msg timestamp="20230507 15:06:19.957" level="INFO">Typing text '86637' into text field 'salesresult'.</msg>
<status status="PASS" starttime="20230507 15:06:19.956" endtime="20230507 15:06:20.056"/>
</kw>
<kw name="Select From List By Value" library="RPA.Browser.Selenium">
<arg>salestarget</arg>
<arg>${sales_rep}[Sales Target]</arg>
<doc>Selects options from selection list ``locator`` by ``values``.</doc>
<msg timestamp="20230507 15:06:20.058" level="INFO">Selecting options from selection list 'salestarget' by value 70000.</msg>
<status status="PASS" starttime="20230507 15:06:20.057" endtime="20230507 15:06:20.138"/>
</kw>
<kw name="Click Button" library="RPA.Browser.Selenium">
<arg>Submit</arg>
<doc>Clicks the button identified by ``locator``.</doc>
<msg timestamp="20230507 15:06:20.139" level="INFO">Clicking button 'Submit'.</msg>
<status status="PASS" starttime="20230507 15:06:20.139" endtime="20230507 15:06:20.381"/>
</kw>
<status status="PASS" starttime="20230507 15:06:19.733" endtime="20230507 15:06:20.381"/>
</kw>
<status status="PASS" starttime="20230507 15:06:19.733" endtime="20230507 15:06:20.382"/>
</iter>
<iter>
<var name="${sales_rep}">{'First Name': 'Tiffany', 'Last Name': 'Emerine', 'Sales': 124313, 'Sales Target': 50000}</var>
<kw name="Fill and submit the form for one person">
<arg>${sales_rep}</arg>
<kw name="Input Text" library="RPA.Browser.Selenium">
<arg>firstname</arg>
<arg>${sales_rep}[First Name]</arg>
<doc>Types the given ``text`` into the text field identified by ``locator``.</doc>
<msg timestamp="20230507 15:06:20.385" level="INFO">Typing text 'Tiffany' into text field 'firstname'.</msg>
<status status="PASS" starttime="20230507 15:06:20.384" endtime="20230507 15:06:20.500"/>
</kw>
<kw name="Input Text" library="RPA.Browser.Selenium">
<arg>lastname</arg>
<arg>${sales_rep}[Last Name]</arg>
<doc>Types the given ``text`` into the text field identified by ``locator``.</doc>
<msg timestamp="20230507 15:06:20.501" level="INFO">Typing text 'Emerine' into text field 'lastname'.</msg>
<status status="PASS" starttime="20230507 15:06:20.500" endtime="20230507 15:06:20.692"/>
</kw>
<kw name="Input Text" library="RPA.Browser.Selenium">
<arg>salesresult</arg>
<arg>${sales_rep}[Sales]</arg>
<doc>Types the given ``text`` into the text field identified by ``locator``.</doc>
<msg timestamp="20230507 15:06:20.694" level="INFO">Typing text '124313' into text field 'salesresult'.</msg>
<status status="PASS" starttime="20230507 15:06:20.693" endtime="20230507 15:06:20.798"/>
</kw>
<kw name="Select From List By Value" library="RPA.Browser.Selenium">
<arg>salestarget</arg>
<arg>${sales_rep}[Sales Target]</arg>
<doc>Selects options from selection list ``locator`` by ``values``.</doc>
<msg timestamp="20230507 15:06:20.799" level="INFO">Selecting options from selection list 'salestarget' by value 50000.</msg>
<status status="PASS" starttime="20230507 15:06:20.798" endtime="20230507 15:06:20.878"/>
</kw>
<kw name="Click Button" library="RPA.Browser.Selenium">
<arg>Submit</arg>
<doc>Clicks the button identified by ``locator``.</doc>
<msg timestamp="20230507 15:06:20.880" level="INFO">Clicking button 'Submit'.</msg>
<status status="PASS" starttime="20230507 15:06:20.879" endtime="20230507 15:06:21.121"/>
</kw>
<status status="PASS" starttime="20230507 15:06:20.383" endtime="20230507 15:06:21.122"/>
</kw>
<status status="PASS" starttime="20230507 15:06:20.382" endtime="20230507 15:06:21.123"/>
</iter>
<iter>
<var name="${sales_rep}">{'First Name': 'Jelene', 'Last Name': 'Pridden', 'Sales': 91489, 'Sales Target': 35000}</var>
<kw name="Fill and submit the form for one person">
<arg>${sales_rep}</arg>
<kw name="Input Text" library="RPA.Browser.Selenium">
<arg>firstname</arg>
<arg>${sales_rep}[First Name]</arg>
<doc>Types the given ``text`` into the text field identified by ``locator``.</doc>
<msg timestamp="20230507 15:06:21.126" level="INFO">Typing text 'Jelene' into text field 'firstname'.</msg>
<status status="PASS" starttime="20230507 15:06:21.125" endtime="20230507 15:06:21.247"/>
</kw>
<kw name="Input Text" library="RPA.Browser.Selenium">
<arg>lastname</arg>
<arg>${sales_rep}[Last Name]</arg>
<doc>Types the given ``text`` into the text field identified by ``locator``.</doc>
<msg timestamp="20230507 15:06:21.249" level="INFO">Typing text 'Pridden' into text field 'lastname'.</msg>
<status status="PASS" starttime="20230507 15:06:21.248" endtime="20230507 15:06:21.411"/>
</kw>
<kw name="Input Text" library="RPA.Browser.Selenium">
<arg>salesresult</arg>
<arg>${sales_rep}[Sales]</arg>
<doc>Types the given ``text`` into the text field identified by ``locator``.</doc>
<msg timestamp="20230507 15:06:21.414" level="INFO">Typing text '91489' into text field 'salesresult'.</msg>
<status status="PASS" starttime="20230507 15:06:21.412" endtime="20230507 15:06:21.552"/>
</kw>
<kw name="Select From List By Value" library="RPA.Browser.Selenium">
<arg>salestarget</arg>
<arg>${sales_rep}[Sales Target]</arg>
<doc>Selects options from selection list ``locator`` by ``values``.</doc>
<msg timestamp="20230507 15:06:21.553" level="INFO">Selecting options from selection list 'salestarget' by value 35000.</msg>
<status status="PASS" starttime="20230507 15:06:21.552" endtime="20230507 15:06:21.636"/>
</kw>
<kw name="Click Button" library="RPA.Browser.Selenium">
<arg>Submit</arg>
<doc>Clicks the button identified by ``locator``.</doc>
<msg timestamp="20230507 15:06:21.637" level="INFO">Clicking button 'Submit'.</msg>
<status status="PASS" starttime="20230507 15:06:21.637" endtime="20230507 15:06:21.880"/>
</kw>
<status status="PASS" starttime="20230507 15:06:21.124" endtime="20230507 15:06:21.881"/>
</kw>
<status status="PASS" starttime="20230507 15:06:21.123" endtime="20230507 15:06:21.881"/>
</iter>
<iter>
<var name="${sales_rep}">{'First Name': 'Claus', 'Last Name': 'Bawcock', 'Sales': 140602, 'Sales Target': 25000}</var>
<kw name="Fill and submit the form for one person">
<arg>${sales_rep}</arg>
<kw name="Input Text" library="RPA.Browser.Selenium">
<arg>firstname</arg>
<arg>${sales_rep}[First Name]</arg>
<doc>Types the given ``text`` into the text field identified by ``locator``.</doc>
<msg timestamp="20230507 15:06:21.884" level="INFO">Typing text 'Claus' into text field 'firstname'.</msg>
<status status="PASS" starttime="20230507 15:06:21.883" endtime="20230507 15:06:21.991"/>
</kw>
<kw name="Input Text" library="RPA.Browser.Selenium">
<arg>lastname</arg>
<arg>${sales_rep}[Last Name]</arg>
<doc>Types the given ``text`` into the text field identified by ``locator``.</doc>
<msg timestamp="20230507 15:06:21.992" level="INFO">Typing text 'Bawcock' into text field 'lastname'.</msg>
<status status="PASS" starttime="20230507 15:06:21.991" endtime="20230507 15:06:22.107"/>
</kw>
<kw name="Input Text" library="RPA.Browser.Selenium">
<arg>salesresult</arg>
<arg>${sales_rep}[Sales]</arg>
<doc>Types the given ``text`` into the text field identified by ``locator``.</doc>
<msg timestamp="20230507 15:06:22.109" level="INFO">Typing text '140602' into text field 'salesresult'.</msg>
<status status="PASS" starttime="20230507 15:06:22.108" endtime="20230507 15:06:22.213"/>
</kw>
<kw name="Select From List By Value" library="RPA.Browser.Selenium">
<arg>salestarget</arg>
<arg>${sales_rep}[Sales Target]</arg>
<doc>Selects options from selection list ``locator`` by ``values``.</doc>
<msg timestamp="20230507 15:06:22.214" level="INFO">Selecting options from selection list 'salestarget' by value 25000.</msg>
<status status="PASS" starttime="20230507 15:06:22.213" endtime="20230507 15:06:22.298"/>
</kw>
<kw name="Click Button" library="RPA.Browser.Selenium">
<arg>Submit</arg>
<doc>Clicks the button identified by ``locator``.</doc>
<msg timestamp="20230507 15:06:22.299" level="INFO">Clicking button 'Submit'.</msg>
<status status="PASS" starttime="20230507 15:06:22.298" endtime="20230507 15:06:22.599"/>
</kw>
<status status="PASS" starttime="20230507 15:06:21.882" endtime="20230507 15:06:22.599"/>
</kw>
[...]
<msg timestamp="20230507 15:06:35.044" level="INFO">Screenshot saved to file: C:\Users\kanch\OneDrive\Desktop\Robot\output\sales-summary.png</msg>
<status status="PASS" starttime="20230507 15:06:34.922" endtime="20230507 15:06:35.045"/>
</kw>
<status status="PASS" starttime="20230507 15:06:34.921" endtime="20230507 15:06:35.047"/>
</kw>
<kw name="Export the table as PDF">
<kw name="Wait Until Element Is Visible" library="RPA.Browser.Selenium">
<arg>id:sales-results</arg>
<doc>Waits until the element ``locator`` is visible.</doc>
<status status="PASS" starttime="20230507 15:06:35.054" endtime="20230507 15:06:35.088"/>
</kw>
<kw name="Get Element Attribute" library="RPA.Browser.Selenium">
<var>${sales_resut_html}</var>
<arg>id:sales-results</arg>
<arg>outerHTML</arg>
<doc>Returns the value of ``attribute`` from the element ``locator``.</doc>
<msg timestamp="20230507 15:06:35.131" level="INFO">${sales_resut_html} = &lt;div id="sales-results"&gt;&lt;table class="table table-dark table-striped"&gt;&lt;thead&gt;&lt;tr&gt;&lt;th width="24%" scope="col"&gt;Name&lt;/th&gt;&lt;th width="24%" scope="col"&gt;Target&lt;/th&gt;&lt;th width="24%" scope="col"&gt;Result&lt;/th&gt;&lt;th ...</msg>
<status status="PASS" starttime="20230507 15:06:35.088" endtime="20230507 15:06:35.132"/>
</kw>
<kw name="Html To Pdf" library="RPA.PDF">
<arg>${sales_resut_html}</arg>
<arg>${OUTPUT_DIR}${/}sales_result.pdf</arg>
<doc>Generate a PDF file from HTML content.</doc>
<msg timestamp="20230507 15:06:35.134" level="INFO">Writing output to file C:\Users\kanch\OneDrive\Desktop\Robot\output\sales_result.pdf</msg>
<msg timestamp="20230507 15:06:35.458" level="INFO">maxp pruned</msg>
<msg timestamp="20230507 15:06:35.459" level="INFO">cmap pruned</msg>
<msg timestamp="20230507 15:06:35.466" level="INFO">post pruned</msg>
<msg timestamp="20230507 15:06:35.469" level="INFO">GDEF dropped</msg>
<msg timestamp="20230507 15:06:35.470" level="INFO">GPOS dropped</msg>
<msg timestamp="20230507 15:06:35.470" level="INFO">GSUB dropped</msg>
<msg timestamp="20230507 15:06:35.475" level="INFO">name pruned</msg>
<msg timestamp="20230507 15:06:35.482" level="INFO">glyf pruned</msg>
<msg timestamp="20230507 15:06:35.483" level="INFO">Added gid0 to subset</msg>
<msg timestamp="20230507 15:06:35.483" level="INFO">Added first four glyphs to subset</msg>
<msg timestamp="20230507 15:06:35.483" level="INFO">Closing glyph list over 'glyf': 66 glyphs before</msg>
<msg timestamp="20230507 15:06:35.483" level="INFO">Glyph names: ['.notdef', '.null', 'uni0020', 'uni0024', 'uni0027', 'uni002C', 'uni002D', 'uni0030', 'uni0031', 'uni0032', 'uni0033', 'uni0034', 'uni0035', 'uni0036', 'uni0037', 'uni0038', 'uni0039', 'uni0041', 'uni0042', 'uni0043', 'uni0044', 'uni0045', 'uni0046', 'uni0047', 'uni0048', 'uni0049', 'uni004A', 'uni004B', 'uni004C', 'uni004D', 'uni004E', 'uni004F', 'uni0050', 'uni0052', 'uni0053', 'uni0054', 'uni0055', 'uni0056', 'uni0057', 'uni0059', 'uni0061', 'uni0062', 'uni0063', 'uni0064', 'uni0065', 'uni0066', 'uni0067', 'uni0068', 'uni0069', 'uni006B', 'uni006C', 'uni006D', 'uni006E', 'uni006F', 'uni0070', 'uni0072', 'uni0073', 'uni0074', 'uni0075', 'uni0076', 'uni0077', 'uni0079', 'uni007A', 'uni007B', 'uni007D', 'uni00C4']</msg>
<msg timestamp="20230507 15:06:35.484" level="INFO">Glyph IDs:   [0, 1, 2, 3, 65, 73, 84, 95, 137, 141, 161, 197, 265, 270, 280, 291, 299, 320, 374, 382, 395, 409, 421, 453, 456, 469, 504, 575, 582, 594, 612, 645, 650, 660, 679, 715, 723, 752, 759, 775, 827, 837, 867, 884, 899, 932, 936, 950, 973, 1262, 1294, 1295, 1296, 1298, 1299, 1300, 1302, 1303, 1304, 1305, 1345, 1346, 1361, 1388, 1403, 1681]</msg>
<msg timestamp="20230507 15:06:35.484" level="INFO">Closed glyph list over 'glyf': 66 glyphs after</msg>
<msg timestamp="20230507 15:06:35.485" level="INFO">Glyph names: ['.notdef', '.null', 'uni0020', 'uni0024', 'uni0027', 'uni002C', 'uni002D', 'uni0030', 'uni0031', 'uni0032', 'uni0033', 'uni0034', 'uni0035', 'uni0036', 'uni0037', 'uni0038', 'uni0039', 'uni0041', 'uni0042', 'uni0043', 'uni0044', 'uni0045', 'uni0046', 'uni0047', 'uni0048', 'uni0049', 'uni004A', 'uni004B', 'uni004C', 'uni004D', 'uni004E', 'uni004F', 'uni0050', 'uni0052', 'uni0053', 'uni0054', 'uni0055', 'uni0056', 'uni0057', 'uni0059', 'uni0061', 'uni0062', 'uni0063', 'uni0064', 'uni0065', 'uni0066', 'uni0067', 'uni0068', 'uni0069', 'uni006B', 'uni006C', 'uni006D', 'uni006E', 'uni006F', 'uni0070', 'uni0072', 'uni0073', 'uni0074', 'uni0075', 'uni0076', 'uni0077', 'uni0079', 'uni007A', 'uni007B', 'uni007D', 'uni00C4']</msg>
<msg timestamp="20230507 15:06:35.485" level="INFO">Glyph IDs:   [0, 1, 2, 3, 65, 73, 84, 95, 137, 141, 161, 197, 265, 270, 280, 291, 299, 320, 374, 382, 395, 409, 421, 453, 456, 469, 504, 575, 582, 594, 612, 645, 650, 660, 679, 715, 723, 752, 759, 775, 827, 837, 867, 884, 899, 932, 936, 950, 973, 1262, 1294, 1295, 1296, 1298, 1299, 1300, 1302, 1303, 1304, 1305, 1345, 1346, 1361, 1388, 1403, 1681]</msg>
<msg timestamp="20230507 15:06:35.485" level="INFO">Retaining 66 glyphs</msg>
<msg timestamp="20230507 15:06:35.486" level="INFO">head subsetting not needed</msg>
<msg timestamp="20230507 15:06:35.486" level="INFO">hhea subsetting not needed</msg>
<msg timestamp="20230507 15:06:35.486" level="INFO">maxp subsetting not needed</msg>
<msg timestamp="20230507 15:06:35.486" level="INFO">OS/2 subsetting not needed</msg>
<msg timestamp="20230507 15:06:35.489" level="INFO">hmtx subsetted</msg>
<msg timestamp="20230507 15:06:35.492" level="INFO">cmap subsetted</msg>
<msg timestamp="20230507 15:06:35.492" level="INFO">prep subsetting not needed</msg>
<msg timestamp="20230507 15:06:35.492" level="INFO">loca subsetting not needed</msg>
<msg timestamp="20230507 15:06:35.493" level="INFO">post subsetted</msg>
<msg timestamp="20230507 15:06:35.493" level="INFO">gasp subsetting not needed</msg>
<msg timestamp="20230507 15:06:35.493" level="INFO">STAT subsetting not needed</msg>
<msg timestamp="20230507 15:06:35.493" level="INFO">name subsetting not needed</msg>
<msg timestamp="20230507 15:06:35.494" level="INFO">glyf subsetted</msg>
<msg timestamp="20230507 15:06:35.495" level="INFO">head pruned</msg>
<msg timestamp="20230507 15:06:35.495" level="INFO">OS/2 Unicode ranges pruned: [0]</msg>
<msg timestamp="20230507 15:06:35.497" level="INFO">glyf pruned</msg>
<msg timestamp="20230507 15:06:35.553" level="INFO">maxp pruned</msg>
<msg timestamp="20230507 15:06:35.554" level="INFO">cmap pruned</msg>
<msg timestamp="20230507 15:06:35.554" level="INFO">post pruned</msg>
<msg timestamp="20230507 15:06:35.555" level="INFO">GDEF dropped</msg>
<msg timestamp="20230507 15:06:35.555" level="INFO">GPOS dropped</msg>
<msg timestamp="20230507 15:06:35.555" level="INFO">GSUB dropped</msg>
<msg timestamp="20230507 15:06:35.557" level="INFO">name pruned</msg>
<msg timestamp="20230507 15:06:35.563" level="INFO">glyf pruned</msg>
<msg timestamp="20230507 15:06:35.563" level="INFO">Added gid0 to subset</msg>
<msg timestamp="20230507 15:06:35.563" level="INFO">Added first four glyphs to subset</msg>
<msg timestamp="20230507 15:06:35.564" level="INFO">Closing glyph list over 'glyf': 35 glyphs before</msg>
<msg timestamp="20230507 15:06:35.564" level="INFO">Glyph names: ['.notdef', '.null', 'uni0020', 'uni0030', 'uni0031', 'uni0032', 'uni0033', 'uni0034', 'uni0035', 'uni0036', 'uni0037', 'uni0038', 'uni0039', 'uni0041', 'uni0044', 'uni004E', 'uni0052', 'uni0054', 'uni0061', 'uni0062', 'uni0063', 'uni0065', 'uni0066', 'uni0067', 'uni0069', 'uni006C', 'uni006D', 'uni006E', 'uni0072', 'uni0073', 'uni0074', 'uni0075', 'uni007B', 'uni007D', 'uni00C4']</msg>
<msg timestamp="20230507 15:06:35.565" level="INFO">Glyph IDs:   [0, 1, 2, 3, 84, 299, 382, 409, 504, 575, 582, 612, 645, 650, 679, 723, 752, 759, 837, 867, 884, 899, 1294, 1295, 1296, 1298, 1299, 1300, 1302, 1303, 1304, 1305, 1345, 1346, 1681]</msg>
<msg timestamp="20230507 15:06:35.565" level="INFO">Closed glyph list over 'glyf': 35 glyphs after</msg>
<msg timestamp="20230507 15:06:35.565" level="INFO">Glyph names: ['.notdef', '.null', 'uni0020', 'uni0030', 'uni0031', 'uni0032', 'uni0033', 'uni0034', 'uni0035', 'uni0036', 'uni0037', 'uni0038', 'uni0039', 'uni0041', 'uni0044', 'uni004E', 'uni0052', 'uni0054', 'uni0061', 'uni0062', 'uni0063', 'uni0065', 'uni0066', 'uni0067', 'uni0069', 'uni006C', 'uni006D', 'uni006E', 'uni0072', 'uni0073', 'uni0074', 'uni0075', 'uni007B', 'uni007D', 'uni00C4']</msg>
<msg timestamp="20230507 15:06:35.565" level="INFO">Glyph IDs:   [0, 1, 2, 3, 84, 299, 382, 409, 504, 575, 582, 612, 645, 650, 679, 723, 752, 759, 837, 867, 884, 899, 1294, 1295, 1296, 1298, 1299, 1300, 1302, 1303, 1304, 1305, 1345, 1346, 1681]</msg>
<msg timestamp="20230507 15:06:35.566" level="INFO">Retaining 35 glyphs</msg>
<msg timestamp="20230507 15:06:35.566" level="INFO">head subsetting not needed</msg>
<msg timestamp="20230507 15:06:35.566" level="INFO">hhea subsetting not needed</msg>
<msg timestamp="20230507 15:06:35.567" level="INFO">maxp subsetting not needed</msg>
<msg timestamp="20230507 15:06:35.567" level="INFO">OS/2 subsetting not needed</msg>
<msg timestamp="20230507 15:06:35.570" level="INFO">hmtx subsetted</msg>
<msg timestamp="20230507 15:06:35.572" level="INFO">cmap subsetted</msg>
<msg timestamp="20230507 15:06:35.572" level="INFO">prep subsetting not needed</msg>
<msg timestamp="20230507 15:06:35.572" level="INFO">loca subsetting not needed</msg>
<msg timestamp="20230507 15:06:35.573" level="INFO">post subsetted</msg>
<msg timestamp="20230507 15:06:35.573" level="INFO">gasp subsetting not needed</msg>
<msg timestamp="20230507 15:06:35.573" level="INFO">STAT subsetting not needed</msg>
<msg timestamp="20230507 15:06:35.573" level="INFO">name subsetting not needed</msg>
<msg timestamp="20230507 15:06:35.574" level="INFO">glyf subsetted</msg>
<msg timestamp="20230507 15:06:35.575" level="INFO">head pruned</msg>
<msg timestamp="20230507 15:06:35.575" level="INFO">OS/2 Unicode ranges pruned: [0]</msg>
<msg timestamp="20230507 15:06:35.576" level="INFO">glyf pruned</msg>
<msg timestamp="20230507 15:06:35.612" level="INFO">maxp pruned</msg>
<msg timestamp="20230507 15:06:35.613" level="INFO">cmap pruned</msg>
<msg timestamp="20230507 15:06:35.613" level="INFO">post pruned</msg>
<msg timestamp="20230507 15:06:35.613" level="INFO">GDEF dropped</msg>
<msg timestamp="20230507 15:06:35.613" level="INFO">GPOS dropped</msg>
<msg timestamp="20230507 15:06:35.614" level="INFO">GSUB dropped</msg>
<msg timestamp="20230507 15:06:35.614" level="INFO">name pruned</msg>
<msg timestamp="20230507 15:06:35.620" level="INFO">glyf pruned</msg>
<msg timestamp="20230507 15:06:35.623" level="INFO">Added gid0 to subset</msg>
<msg timestamp="20230507 15:06:35.624" level="INFO">Added first four glyphs to subset</msg>
<msg timestamp="20230507 15:06:35.624" level="INFO">Closing glyph list over 'glyf': 18 glyphs before</msg>
<msg timestamp="20230507 15:06:35.624" level="INFO">Glyph names: ['.notdef', '.null', 'uni0020', 'uni0030', 'uni0031', 'uni0032', 'uni0033', 'uni0034', 'uni0035', 'uni0036', 'uni0037', 'uni0038', 'uni0039', 'uni0062', 'uni006E', 'uni007B', 'uni007D', 'uni00A0']</msg>
<msg timestamp="20230507 15:06:35.625" level="INFO">Glyph IDs:   [0, 1, 2, 3, 544, 727, 1256, 1257, 1258, 1260, 1261, 1262, 1264, 1265, 1266, 1267, 1307, 1308]</msg>
<msg timestamp="20230507 15:06:35.625" level="INFO">Closed glyph list over 'glyf': 18 glyphs after</msg>
<msg timestamp="20230507 15:06:35.625" level="INFO">Glyph names: ['.notdef', '.null', 'uni0020', 'uni0030', 'uni0031', 'uni0032', 'uni0033', 'uni0034', 'uni0035', 'uni0036', 'uni0037', 'uni0038', 'uni0039', 'uni0062', 'uni006E', 'uni007B', 'uni007D', 'uni00A0']</msg>
<msg timestamp="20230507 15:06:35.625" level="INFO">Glyph IDs:   [0, 1, 2, 3, 544, 727, 1256, 1257, 1258, 1260, 1261, 1262, 1264, 1265, 1266, 1267, 1307, 1308]</msg>
<msg timestamp="20230507 15:06:35.626" level="INFO">Retaining 18 glyphs</msg>
<msg timestamp="20230507 15:06:35.626" level="INFO">head subsetting not needed</msg>
<msg timestamp="20230507 15:06:35.626" level="INFO">hhea subsetting not needed</msg>
<msg timestamp="20230507 15:06:35.626" level="INFO">maxp subsetting not needed</msg>
<msg timestamp="20230507 15:06:35.626" level="INFO">OS/2 subsetting not needed</msg>
<msg timestamp="20230507 15:06:35.629" level="INFO">hmtx subsetted</msg>
<msg timestamp="20230507 15:06:35.631" level="INFO">cmap subsetted</msg>
<msg timestamp="20230507 15:06:35.631" level="INFO">loca subsetting not needed</msg>
<msg timestamp="20230507 15:06:35.631" level="INFO">post subsetted</msg>
<msg timestamp="20230507 15:06:35.631" level="INFO">name subsetting not needed</msg>
<msg timestamp="20230507 15:06:35.632" level="INFO">glyf subsetted</msg>
<msg timestamp="20230507 15:06:35.633" level="INFO">head pruned</msg>
<msg timestamp="20230507 15:06:35.634" level="INFO">OS/2 Unicode ranges pruned: [0]</msg>
<msg timestamp="20230507 15:06:35.635" level="INFO">glyf pruned</msg>
<msg timestamp="20230507 15:06:35.668" level="INFO">maxp pruned</msg>
<msg timestamp="20230507 15:06:35.669" level="INFO">cmap pruned</msg>
<msg timestamp="20230507 15:06:35.669" level="INFO">post pruned</msg>
<msg timestamp="20230507 15:06:35.670" level="INFO">GDEF dropped</msg>
<msg timestamp="20230507 15:06:35.670" level="INFO">GPOS dropped</msg>
<msg timestamp="20230507 15:06:35.671" level="INFO">GSUB dropped</msg>
<msg timestamp="20230507 15:06:35.672" level="INFO">name pruned</msg>
<msg timestamp="20230507 15:06:35.682" level="INFO">glyf pruned</msg>
<msg timestamp="20230507 15:06:35.686" level="INFO">Added gid0 to subset</msg>
<msg timestamp="20230507 15:06:35.687" level="INFO">Added first four glyphs to subset</msg>
<msg timestamp="20230507 15:06:35.687" level="INFO">Closing glyph list over 'glyf': 18 glyphs before</msg>
<msg timestamp="20230507 15:06:35.687" level="INFO">Glyph names: ['.notdef', '.null', 'uni0020', 'uni0030', 'uni0031', 'uni0032', 'uni0033', 'uni0034', 'uni0035', 'uni0036', 'uni0037', 'uni0038', 'uni0039', 'uni0062', 'uni006E', 'uni007B', 'uni007D', 'uni00A0']</msg>
<msg timestamp="20230507 15:06:35.688" level="INFO">Glyph IDs:   [0, 1, 2, 3, 544, 727, 1256, 1257, 1258, 1260, 1261, 1262, 1264, 1265, 1266, 1267, 1307, 1308]</msg>
<msg timestamp="20230507 15:06:35.688" level="INFO">Closed glyph list over 'glyf': 18 glyphs after</msg>
<msg timestamp="20230507 15:06:35.688" level="INFO">Glyph names: ['.notdef', '.null', 'uni0020', 'uni0030', 'uni0031', 'uni0032', 'uni0033', 'uni0034', 'uni0035', 'uni0036', 'uni0037', 'uni0038', 'uni0039', 'uni0062', 'uni006E', 'uni007B', 'uni007D', 'uni00A0']</msg>
<msg timestamp="20230507 15:06:35.688" level="INFO">Glyph IDs:   [0, 1, 2, 3, 544, 727, 1256, 1257, 1258, 1260, 1261, 1262, 1264, 1265, 1266, 1267, 1307, 1308]</msg>
<msg timestamp="20230507 15:06:35.689" level="INFO">Retaining 18 glyphs</msg>
<msg timestamp="20230507 15:06:35.689" level="INFO">head subsetting not needed</msg>
<msg timestamp="20230507 15:06:35.689" level="INFO">hhea subsetting not needed</msg>
<msg timestamp="20230507 15:06:35.689" level="INFO">maxp subsetting not needed</msg>
<msg timestamp="20230507 15:06:35.689" level="INFO">OS/2 subsetting not needed</msg>
<msg timestamp="20230507 15:06:35.692" level="INFO">hmtx subsetted</msg>
<msg timestamp="20230507 15:06:35.694" level="INFO">cmap subsetted</msg>
<msg timestamp="20230507 15:06:35.694" level="INFO">loca subsetting not needed</msg>
<msg timestamp="20230507 15:06:35.694" level="INFO">post subsetted</msg>
<msg timestamp="20230507 15:06:35.695" level="INFO">name subsetting not needed</msg>
<msg timestamp="20230507 15:06:35.696" level="INFO">glyf subsetted</msg>
<msg timestamp="20230507 15:06:35.697" level="INFO">head pruned</msg>
<msg timestamp="20230507 15:06:35.698" level="INFO">OS/2 Unicode ranges pruned: [0]</msg>
<msg timestamp="20230507 15:06:35.699" level="INFO">glyf pruned</msg>
<status status="PASS" starttime="20230507 15:06:35.132" endtime="20230507 15:06:35.757"/>
</kw>
<status status="PASS" starttime="20230507 15:06:35.052" endtime="20230507 15:06:35.758"/>
</kw>
<kw name="Log out and close the browser">
<kw name="Click Button" library="RPA.Browser.Selenium">
<arg>Log out</arg>
<doc>Clicks the button identified by ``locator``.</doc>
<msg timestamp="20230507 15:06:35.781" level="INFO">Clicking button 'Log out'.</msg>
<status status="PASS" starttime="20230507 15:06:35.779" endtime="20230507 15:06:35.898"/>
</kw>
<kw name="Close Browser" library="RPA.Browser.Selenium">
<doc>Closes the current browser.</doc>
<status status="PASS" starttime="20230507 15:06:35.899" endtime="20230507 15:06:40.696"/>
</kw>
<status status="PASS" starttime="20230507 15:06:35.778" endtime="20230507 15:06:40.697"/>
</kw>
<kw name="Log out and close the browser" type="TEARDOWN">
<kw name="Click Button" library="RPA.Browser.Selenium">
<arg>Log out</arg>
<doc>Clicks the button identified by ``locator``.</doc>
<msg timestamp="20230507 15:06:40.700" level="INFO">Clicking button 'Log out'.</msg>
<msg timestamp="20230507 15:06:40.701" level="INFO">Cannot capture screenshot because no browser is open.</msg>
<msg timestamp="20230507 15:06:40.701" level="FAIL">No browser is open.</msg>
<status status="FAIL" starttime="20230507 15:06:40.699" endtime="20230507 15:06:40.706"/>
</kw>
<kw name="Close Browser" library="RPA.Browser.Selenium">
<doc>Closes the current browser.</doc>
<status status="PASS" starttime="20230507 15:06:40.707" endtime="20230507 15:06:40.708"/>
</kw>
<status status="FAIL" starttime="20230507 15:06:40.698" endtime="20230507 15:06:40.709">No browser is open.</status>
</kw>
<status status="FAIL" starttime="20230507 15:05:43.522" endtime="20230507 15:06:40.711">Teardown failed:
No browser is open.</status>
</test>
<doc>Insert the sales data for the week and export it as a PDF</doc>
<status status="FAIL" starttime="20230507 15:05:38.017" endtime="20230507 15:06:40.715"/>
</suite>
<statistics>
<total>
<stat pass="0" fail="1" skip="0">All Tasks</stat>
</total>
<tag>
</tag>
<suite>
<stat pass="0" fail="1" skip="0" id="s1" name="Tasks">Tasks</stat>
</suite>
</statistics>
<errors>
</errors>
</robot>
